<ERROR_INFO>
errID:8
errStr:Undefined variable: categoryListTop
errFile:D:\wamp\www\iwebshop\runtime\index\site\index.php
errLine:218
errTime:15-07-19 21:59:24
<\ERROR_INFO>
<ERROR_INFO>
errID:2
errStr:Invalid argument supplied for foreach()
errFile:D:\wamp\www\iwebshop\runtime\index\site\index.php
errLine:218
errTime:15-07-19 21:59:24
<\ERROR_INFO>
<ERROR_INFO>
errID:8
errStr:Undefined variable: categoryListTop
errFile:D:\wamp\www\iwebshop\runtime\index\site\index.php
errLine:218
errTime:15-07-19 21:59:24
<\ERROR_INFO>
<ERROR_INFO>
errID:2
errStr:Invalid argument supplied for foreach()
errFile:D:\wamp\www\iwebshop\runtime\index\site\index.php
errLine:218
errTime:15-07-19 21:59:24
<\ERROR_INFO>
<ERROR_INFO>
errID:8
errStr:Undefined variable: categoryListTop
errFile:D:\wamp\www\iwebshop\runtime\index\site\index.php
errLine:218
errTime:15-07-19 22:23:03
<\ERROR_INFO>
<ERROR_INFO>
errID:2
errStr:Invalid argument supplied for foreach()
errFile:D:\wamp\www\iwebshop\runtime\index\site\index.php
errLine:218
errTime:15-07-19 22:23:03
<\ERROR_INFO>
<ERROR_INFO>
errID:8
errStr:Undefined variable: categoryListTop
errFile:D:\wamp\www\iwebshop\runtime\index\site\index.php
errLine:218
errTime:15-07-19 22:23:03
<\ERROR_INFO>
<ERROR_INFO>
errID:2
errStr:Invalid argument supplied for foreach()
errFile:D:\wamp\www\iwebshop\runtime\index\site\index.php
errLine:218
errTime:15-07-19 22:23:03
<\ERROR_INFO>
<ERROR_INFO>
errID:8
errStr:Undefined variable: categoryListTop
errFile:D:\wamp\www\iwebshop\runtime\index\site\index.php
errLine:218
errTime:15-07-19 22:29:31
<\ERROR_INFO>
<ERROR_INFO>
errID:2
errStr:Invalid argument supplied for foreach()
errFile:D:\wamp\www\iwebshop\runtime\index\site\index.php
errLine:218
errTime:15-07-19 22:29:31
<\ERROR_INFO>
<ERROR_INFO>
errID:8
errStr:Undefined variable: categoryListTop
errFile:D:\wamp\www\iwebshop\runtime\index\site\index.php
errLine:218
errTime:15-07-19 22:29:31
<\ERROR_INFO>
<ERROR_INFO>
errID:2
errStr:Invalid argument supplied for foreach()
errFile:D:\wamp\www\iwebshop\runtime\index\site\index.php
errLine:218
errTime:15-07-19 22:29:31
<\ERROR_INFO>
<ERROR_INFO>
errID:8
errStr:Undefined variable: categoryListTop
errFile:D:\wamp\www\iwebshop\runtime\index\site\index.php
errLine:218
errTime:15-07-19 22:29:31
<\ERROR_INFO>
<ERROR_INFO>
errID:2
errStr:Invalid argument supplied for foreach()
errFile:D:\wamp\www\iwebshop\runtime\index\site\index.php
errLine:218
errTime:15-07-19 22:29:31
<\ERROR_INFO>
<ERROR_INFO>
errID:8
errStr:Undefined variable: categoryListTop
errFile:D:\wamp\www\iwebshop\runtime\index\site\index.php
errLine:218
errTime:15-07-19 22:29:37
<\ERROR_INFO>
<ERROR_INFO>
errID:2
errStr:Invalid argument supplied for foreach()
errFile:D:\wamp\www\iwebshop\runtime\index\site\index.php
errLine:218
errTime:15-07-19 22:29:37
<\ERROR_INFO>
<ERROR_INFO>
errID:8
errStr:Undefined variable: categoryList
errFile:D:\wamp\www\iwebshop\runtime\index\site\index.php
errLine:218
errTime:15-07-19 22:31:38
<\ERROR_INFO>
<ERROR_INFO>
errID:2
errStr:Invalid argument supplied for foreach()
errFile:D:\wamp\www\iwebshop\runtime\index\site\index.php
errLine:218
errTime:15-07-19 22:31:38
<\ERROR_INFO>
<ERROR_INFO>
errID:8
errStr:Undefined variable: categoryList
errFile:D:\wamp\www\iwebshop\runtime\index\site\index.php
errLine:218
errTime:15-07-19 22:31:38
<\ERROR_INFO>
<ERROR_INFO>
errID:2
errStr:Invalid argument supplied for foreach()
errFile:D:\wamp\www\iwebshop\runtime\index\site\index.php
errLine:218
errTime:15-07-19 22:31:38
<\ERROR_INFO>
<ERROR_INFO>
errID:8
errStr:Undefined variable: categoryList
errFile:D:\wamp\www\iwebshop\runtime\index\site\index.php
errLine:218
errTime:15-07-19 22:31:38
<\ERROR_INFO>
<ERROR_INFO>
errID:2
errStr:Invalid argument supplied for foreach()
errFile:D:\wamp\www\iwebshop\runtime\index\site\index.php
errLine:218
errTime:15-07-19 22:31:38
<\ERROR_INFO>
<ERROR_INFO>
errID:8
errStr:Undefined variable: categoryList
errFile:D:\wamp\www\iwebshop\runtime\index\site\index.php
errLine:219
errTime:15-07-19 22:33:16
<\ERROR_INFO>
<ERROR_INFO>
errID:2
errStr:Invalid argument supplied for foreach()
errFile:D:\wamp\www\iwebshop\runtime\index\site\index.php
errLine:219
errTime:15-07-19 22:33:16
<\ERROR_INFO>
<ERROR_INFO>
errID:8
errStr:Undefined variable: categoryList
errFile:D:\wamp\www\iwebshop\runtime\index\site\index.php
errLine:219
errTime:15-07-19 22:33:16
<\ERROR_INFO>
<ERROR_INFO>
errID:2
errStr:Invalid argument supplied for foreach()
errFile:D:\wamp\www\iwebshop\runtime\index\site\index.php
errLine:219
errTime:15-07-19 22:33:16
<\ERROR_INFO>
<ERROR_INFO>
errID:8
errStr:Undefined variable: categoryList
errFile:D:\wamp\www\iwebshop\runtime\index\site\index.php
errLine:219
errTime:15-07-19 22:34:33
<\ERROR_INFO>
<ERROR_INFO>
errID:2
errStr:Invalid argument supplied for foreach()
errFile:D:\wamp\www\iwebshop\runtime\index\site\index.php
errLine:219
errTime:15-07-19 22:34:33
<\ERROR_INFO>
<ERROR_INFO>
errID:8
errStr:Undefined variable: categoryList
errFile:D:\wamp\www\iwebshop\runtime\index\site\index.php
errLine:219
errTime:15-07-19 22:34:33
<\ERROR_INFO>
<ERROR_INFO>
errID:2
errStr:Invalid argument supplied for foreach()
errFile:D:\wamp\www\iwebshop\runtime\index\site\index.php
errLine:219
errTime:15-07-19 22:34:33
<\ERROR_INFO>
<ERROR_INFO>
errID:8
errStr:Indirect modification of overloaded property Site::$categoryList has no effect
errFile:D:\wamp\www\iwebshop\controllers\site.php
errLine:34
errTime:15-07-19 22:36:47
<\ERROR_INFO>
<ERROR_INFO>
errID:8
errStr:Indirect modification of overloaded property Site::$categoryList has no effect
errFile:D:\wamp\www\iwebshop\controllers\site.php
errLine:35
errTime:15-07-19 22:36:47
<\ERROR_INFO>
<ERROR_INFO>
errID:8
errStr:Indirect modification of overloaded property Site::$categoryList has no effect
errFile:D:\wamp\www\iwebshop\controllers\site.php
errLine:34
errTime:15-07-19 22:36:47
<\ERROR_INFO>
<ERROR_INFO>
errID:8
errStr:Indirect modification of overloaded property Site::$categoryList has no effect
errFile:D:\wamp\www\iwebshop\controllers\site.php
errLine:35
errTime:15-07-19 22:36:47
<\ERROR_INFO>
<ERROR_INFO>
errID:8
errStr:Indirect modification of overloaded property Site::$categoryList has no effect
errFile:D:\wamp\www\iwebshop\controllers\site.php
errLine:34
errTime:15-07-19 22:36:47
<\ERROR_INFO>
<ERROR_INFO>
errID:8
errStr:Indirect modification of overloaded property Site::$categoryList has no effect
errFile:D:\wamp\www\iwebshop\controllers\site.php
errLine:35
errTime:15-07-19 22:36:47
<\ERROR_INFO>
<ERROR_INFO>
errID:8
errStr:Indirect modification of overloaded property Site::$categoryList has no effect
errFile:D:\wamp\www\iwebshop\controllers\site.php
errLine:34
errTime:15-07-19 22:36:47
<\ERROR_INFO>
<ERROR_INFO>
errID:8
errStr:Indirect modification of overloaded property Site::$categoryList has no effect
errFile:D:\wamp\www\iwebshop\controllers\site.php
errLine:35
errTime:15-07-19 22:36:47
<\ERROR_INFO>
<ERROR_INFO>
errID:8
errStr:Indirect modification of overloaded property Site::$categoryList has no effect
errFile:D:\wamp\www\iwebshop\controllers\site.php
errLine:34
errTime:15-07-19 22:36:47
<\ERROR_INFO>
<ERROR_INFO>
errID:8
errStr:Indirect modification of overloaded property Site::$categoryList has no effect
errFile:D:\wamp\www\iwebshop\controllers\site.php
errLine:35
errTime:15-07-19 22:36:47
<\ERROR_INFO>
<ERROR_INFO>
errID:8
errStr:Indirect modification of overloaded property Site::$categoryList has no effect
errFile:D:\wamp\www\iwebshop\controllers\site.php
errLine:34
errTime:15-07-19 22:36:47
<\ERROR_INFO>
<ERROR_INFO>
errID:8
errStr:Indirect modification of overloaded property Site::$categoryList has no effect
errFile:D:\wamp\www\iwebshop\controllers\site.php
errLine:35
errTime:15-07-19 22:36:47
<\ERROR_INFO>
<ERROR_INFO>
errID:8
errStr:Indirect modification of overloaded property Site::$categoryList has no effect
errFile:D:\wamp\www\iwebshop\controllers\site.php
errLine:34
errTime:15-07-19 22:36:47
<\ERROR_INFO>
<ERROR_INFO>
errID:8
errStr:Indirect modification of overloaded property Site::$categoryList has no effect
errFile:D:\wamp\www\iwebshop\controllers\site.php
errLine:35
errTime:15-07-19 22:36:47
<\ERROR_INFO>
<ERROR_INFO>
errID:8
errStr:Indirect modification of overloaded property Site::$categoryList has no effect
errFile:D:\wamp\www\iwebshop\controllers\site.php
errLine:34
errTime:15-07-19 22:36:47
<\ERROR_INFO>
<ERROR_INFO>
errID:8
errStr:Indirect modification of overloaded property Site::$categoryList has no effect
errFile:D:\wamp\www\iwebshop\controllers\site.php
errLine:35
errTime:15-07-19 22:36:47
<\ERROR_INFO>
<ERROR_INFO>
errID:8
errStr:Indirect modification of overloaded property Site::$categoryList has no effect
errFile:D:\wamp\www\iwebshop\controllers\site.php
errLine:34
errTime:15-07-19 22:36:47
<\ERROR_INFO>
<ERROR_INFO>
errID:8
errStr:Indirect modification of overloaded property Site::$categoryList has no effect
errFile:D:\wamp\www\iwebshop\controllers\site.php
errLine:35
errTime:15-07-19 22:36:47
<\ERROR_INFO>
<ERROR_INFO>
errID:8
errStr:Indirect modification of overloaded property Site::$categoryList has no effect
errFile:D:\wamp\www\iwebshop\controllers\site.php
errLine:34
errTime:15-07-19 22:36:47
<\ERROR_INFO>
<ERROR_INFO>
errID:8
errStr:Indirect modification of overloaded property Site::$categoryList has no effect
errFile:D:\wamp\www\iwebshop\controllers\site.php
errLine:35
errTime:15-07-19 22:36:47
<\ERROR_INFO>
<ERROR_INFO>
errID:8
errStr:Indirect modification of overloaded property Site::$categoryList has no effect
errFile:D:\wamp\www\iwebshop\controllers\site.php
errLine:34
errTime:15-07-19 22:37:48
<\ERROR_INFO>
<ERROR_INFO>
errID:8
errStr:Indirect modification of overloaded property Site::$categoryList has no effect
errFile:D:\wamp\www\iwebshop\controllers\site.php
errLine:35
errTime:15-07-19 22:37:48
<\ERROR_INFO>
<ERROR_INFO>
errID:8
errStr:Indirect modification of overloaded property Site::$categoryList has no effect
errFile:D:\wamp\www\iwebshop\controllers\site.php
errLine:34
errTime:15-07-19 22:37:48
<\ERROR_INFO>
<ERROR_INFO>
errID:8
errStr:Indirect modification of overloaded property Site::$categoryList has no effect
errFile:D:\wamp\www\iwebshop\controllers\site.php
errLine:35
errTime:15-07-19 22:37:48
<\ERROR_INFO>
<ERROR_INFO>
errID:8
errStr:Indirect modification of overloaded property Site::$categoryList has no effect
errFile:D:\wamp\www\iwebshop\controllers\site.php
errLine:34
errTime:15-07-19 22:37:48
<\ERROR_INFO>
<ERROR_INFO>
errID:8
errStr:Indirect modification of overloaded property Site::$categoryList has no effect
errFile:D:\wamp\www\iwebshop\controllers\site.php
errLine:35
errTime:15-07-19 22:37:48
<\ERROR_INFO>
<ERROR_INFO>
errID:8
errStr:Indirect modification of overloaded property Site::$categoryList has no effect
errFile:D:\wamp\www\iwebshop\controllers\site.php
errLine:34
errTime:15-07-19 22:37:48
<\ERROR_INFO>
<ERROR_INFO>
errID:8
errStr:Indirect modification of overloaded property Site::$categoryList has no effect
errFile:D:\wamp\www\iwebshop\controllers\site.php
errLine:35
errTime:15-07-19 22:37:48
<\ERROR_INFO>
<ERROR_INFO>
errID:8
errStr:Indirect modification of overloaded property Site::$categoryList has no effect
errFile:D:\wamp\www\iwebshop\controllers\site.php
errLine:34
errTime:15-07-19 22:37:48
<\ERROR_INFO>
<ERROR_INFO>
errID:8
errStr:Indirect modification of overloaded property Site::$categoryList has no effect
errFile:D:\wamp\www\iwebshop\controllers\site.php
errLine:35
errTime:15-07-19 22:37:48
<\ERROR_INFO>
<ERROR_INFO>
errID:8
errStr:Indirect modification of overloaded property Site::$categoryList has no effect
errFile:D:\wamp\www\iwebshop\controllers\site.php
errLine:34
errTime:15-07-19 22:37:48
<\ERROR_INFO>
<ERROR_INFO>
errID:8
errStr:Indirect modification of overloaded property Site::$categoryList has no effect
errFile:D:\wamp\www\iwebshop\controllers\site.php
errLine:35
errTime:15-07-19 22:37:48
<\ERROR_INFO>
<ERROR_INFO>
errID:8
errStr:Indirect modification of overloaded property Site::$categoryList has no effect
errFile:D:\wamp\www\iwebshop\controllers\site.php
errLine:34
errTime:15-07-19 22:37:48
<\ERROR_INFO>
<ERROR_INFO>
errID:8
errStr:Indirect modification of overloaded property Site::$categoryList has no effect
errFile:D:\wamp\www\iwebshop\controllers\site.php
errLine:35
errTime:15-07-19 22:37:48
<\ERROR_INFO>
<ERROR_INFO>
errID:8
errStr:Indirect modification of overloaded property Site::$categoryList has no effect
errFile:D:\wamp\www\iwebshop\controllers\site.php
errLine:34
errTime:15-07-19 22:37:48
<\ERROR_INFO>
<ERROR_INFO>
errID:8
errStr:Indirect modification of overloaded property Site::$categoryList has no effect
errFile:D:\wamp\www\iwebshop\controllers\site.php
errLine:35
errTime:15-07-19 22:37:48
<\ERROR_INFO>
<ERROR_INFO>
errID:8
errStr:Indirect modification of overloaded property Site::$categoryList has no effect
errFile:D:\wamp\www\iwebshop\controllers\site.php
errLine:34
errTime:15-07-19 22:37:48
<\ERROR_INFO>
<ERROR_INFO>
errID:8
errStr:Indirect modification of overloaded property Site::$categoryList has no effect
errFile:D:\wamp\www\iwebshop\controllers\site.php
errLine:35
errTime:15-07-19 22:37:48
<\ERROR_INFO>
<ERROR_INFO>
errID:8
errStr:Indirect modification of overloaded property Site::$categoryList has no effect
errFile:D:\wamp\www\iwebshop\controllers\site.php
errLine:34
errTime:15-07-19 22:37:48
<\ERROR_INFO>
<ERROR_INFO>
errID:8
errStr:Indirect modification of overloaded property Site::$categoryList has no effect
errFile:D:\wamp\www\iwebshop\controllers\site.php
errLine:35
errTime:15-07-19 22:37:49
<\ERROR_INFO>
<ERROR_INFO>
errID:8
errStr:Undefined variable: items
errFile:D:\wamp\www\iwebshop\runtime\index\site\index.php
errLine:276
errTime:15-07-19 22:46:02
<\ERROR_INFO>
<ERROR_INFO>
errID:2
errStr:Invalid argument supplied for foreach()
errFile:D:\wamp\www\iwebshop\runtime\index\site\index.php
errLine:276
errTime:15-07-19 22:46:02
<\ERROR_INFO>
<ERROR_INFO>
errID:8
errStr:Undefined variable: items
errFile:D:\wamp\www\iwebshop\runtime\index\site\index.php
errLine:276
errTime:15-07-19 22:46:02
<\ERROR_INFO>
<ERROR_INFO>
errID:2
errStr:Invalid argument supplied for foreach()
errFile:D:\wamp\www\iwebshop\runtime\index\site\index.php
errLine:276
errTime:15-07-19 22:46:02
<\ERROR_INFO>
<ERROR_INFO>
errID:8
errStr:Undefined variable: items
errFile:D:\wamp\www\iwebshop\runtime\index\site\index.php
errLine:276
errTime:15-07-19 22:46:20
<\ERROR_INFO>
<ERROR_INFO>
errID:2
errStr:Invalid argument supplied for foreach()
errFile:D:\wamp\www\iwebshop\runtime\index\site\index.php
errLine:276
errTime:15-07-19 22:46:20
<\ERROR_INFO>
<ERROR_INFO>
errID:8
errStr:Undefined variable: items
errFile:D:\wamp\www\iwebshop\runtime\index\site\index.php
errLine:276
errTime:15-07-19 22:46:20
<\ERROR_INFO>
<ERROR_INFO>
errID:2
errStr:Invalid argument supplied for foreach()
errFile:D:\wamp\www\iwebshop\runtime\index\site\index.php
errLine:276
errTime:15-07-19 22:46:20
<\ERROR_INFO>
<ERROR_INFO>
Mess: select  DISTINCT b.id,b.name from shop_category_extend as ca left join shop_goods  as go on ca.goods_id = go.id left join shop_brand  as b on b.id = go.brand_id where ca.category_id in ( #childId# ) and go.is_del = 0 and go.brand_id != 0    limit 10
 -- You have an error in your SQL syntax; check the manual that corresponds to your MySQL server version for the right syntax to use near '' at line 1
Line: 68
File: IWEB_PATH/db\db_class.php
##Debug_backtrace:##
	Func:query          	Class:IDB            	Type:->   	Line:166  	File:IWEB_PATH/core\query_class.php
	Func:find           	Class:IQuery         	Type:->   	Line:151  	File:D:\wamp\www\iwebshop\classes\api.php
	Func:query          	Class:Api            	Type:::   	Line:56   	File:D:\wamp\www\iwebshop\classes\api.php
	Func:run            	Class:Api            	Type:::   	Line:38   	File:D:\wamp\www\iwebshop\controllers\site.php
	Func:index          	Class:Site           	Type:->   	Line:24   	File:IWEB_PATH/web\action\inline_action.php
	Func:run            	Class:IInlineAction  	Type:->   	Line:137  	File:IWEB_PATH/web\controller\controller_class.php
	Func:run            	Class:IController    	Type:->   	Line:29   	File:IWEB_PATH/core\webapplication_class.php
	Func:execRequest    	Class:IWebApplication	Type:->   	Line:108  	File:IWEB_PATH/core\application_class.php
	Func:run            	Class:IApplication   	Type:->   	Line:5    	File:D:\wamp\www\iwebshop\index.php
</ERROR_INFO>
<ERROR_INFO>
Mess: select  DISTINCT b.id,b.name from shop_category_extend as ca left join shop_goods  as go on ca.goods_id = go.id left join shop_brand  as b on b.id = go.brand_id where ca.category_id in ( #childId# ) and go.is_del = 0 and go.brand_id != 0    limit 10
 -- You have an error in your SQL syntax; check the manual that corresponds to your MySQL server version for the right syntax to use near '' at line 1
Line: 68
File: IWEB_PATH/db\db_class.php
##Debug_backtrace:##
	Func:query          	Class:IDB            	Type:->   	Line:166  	File:IWEB_PATH/core\query_class.php
	Func:find           	Class:IQuery         	Type:->   	Line:151  	File:D:\wamp\www\iwebshop\classes\api.php
	Func:query          	Class:Api            	Type:::   	Line:56   	File:D:\wamp\www\iwebshop\classes\api.php
	Func:run            	Class:Api            	Type:::   	Line:38   	File:D:\wamp\www\iwebshop\controllers\site.php
	Func:index          	Class:Site           	Type:->   	Line:24   	File:IWEB_PATH/web\action\inline_action.php
	Func:run            	Class:IInlineAction  	Type:->   	Line:137  	File:IWEB_PATH/web\controller\controller_class.php
	Func:run            	Class:IController    	Type:->   	Line:29   	File:IWEB_PATH/core\webapplication_class.php
	Func:execRequest    	Class:IWebApplication	Type:->   	Line:108  	File:IWEB_PATH/core\application_class.php
	Func:run            	Class:IApplication   	Type:->   	Line:5    	File:D:\wamp\www\iwebshop\index.php
</ERROR_INFO>
