<ERROR_INFO>
errID:2
errStr:Missing argument 1 for IModel::__construct(), called in D:\wamp\www\iwebshop\controllers\site.php on line 33 and defined
errFile:IWEB_PATH/web\model\model_class.php
errLine:30
errTime:15-07-23 08:13:33
<\ERROR_INFO>
<ERROR_INFO>
errID:8
errStr:Undefined variable: tableName
errFile:IWEB_PATH/web\model\model_class.php
errLine:36
errTime:15-07-23 08:13:33
<\ERROR_INFO>
<ERROR_INFO>
errID:8
errStr:Undefined variable: tableName
errFile:IWEB_PATH/web\model\model_class.php
errLine:51
errTime:15-07-23 08:13:33
<\ERROR_INFO>
<ERROR_INFO>
errID:2
errStr:Missing argument 1 for IModel::__construct(), called in D:\wamp\www\iwebshop\controllers\site.php on line 33 and defined
errFile:IWEB_PATH/web\model\model_class.php
errLine:30
errTime:15-07-23 08:13:41
<\ERROR_INFO>
<ERROR_INFO>
errID:8
errStr:Undefined variable: tableName
errFile:IWEB_PATH/web\model\model_class.php
errLine:36
errTime:15-07-23 08:13:41
<\ERROR_INFO>
<ERROR_INFO>
errID:8
errStr:Undefined variable: tableName
errFile:IWEB_PATH/web\model\model_class.php
errLine:51
errTime:15-07-23 08:13:41
<\ERROR_INFO>
<ERROR_INFO>
errID:2
errStr:Missing argument 1 for IModel::__construct(), called in D:\wamp\www\iwebshop\controllers\site.php on line 33 and defined
errFile:IWEB_PATH/web\model\model_class.php
errLine:30
errTime:15-07-23 08:16:05
<\ERROR_INFO>
<ERROR_INFO>
errID:8
errStr:Undefined variable: tableName
errFile:IWEB_PATH/web\model\model_class.php
errLine:36
errTime:15-07-23 08:16:05
<\ERROR_INFO>
<ERROR_INFO>
errID:8
errStr:Undefined variable: tableName
errFile:IWEB_PATH/web\model\model_class.php
errLine:51
errTime:15-07-23 08:16:05
<\ERROR_INFO>
<ERROR_INFO>
errID:2
errStr:Missing argument 1 for IModel::__construct(), called in D:\wamp\www\iwebshop\controllers\site.php on line 33 and defined
errFile:IWEB_PATH/web\model\model_class.php
errLine:30
errTime:15-07-23 08:21:15
<\ERROR_INFO>
<ERROR_INFO>
errID:8
errStr:Undefined variable: tableName
errFile:IWEB_PATH/web\model\model_class.php
errLine:36
errTime:15-07-23 08:21:15
<\ERROR_INFO>
<ERROR_INFO>
errID:8
errStr:Undefined variable: tableName
errFile:IWEB_PATH/web\model\model_class.php
errLine:51
errTime:15-07-23 08:21:15
<\ERROR_INFO>
<ERROR_INFO>
errID:2
errStr:Missing argument 1 for IModel::__construct(), called in D:\wamp\www\iwebshop\controllers\site.php on line 33 and defined
errFile:IWEB_PATH/web\model\model_class.php
errLine:30
errTime:15-07-23 09:21:28
<\ERROR_INFO>
<ERROR_INFO>
errID:8
errStr:Undefined variable: tableName
errFile:IWEB_PATH/web\model\model_class.php
errLine:36
errTime:15-07-23 09:21:28
<\ERROR_INFO>
<ERROR_INFO>
errID:8
errStr:Undefined variable: tableName
errFile:IWEB_PATH/web\model\model_class.php
errLine:51
errTime:15-07-23 09:21:28
<\ERROR_INFO>
<ERROR_INFO>
errID:8
errStr:Undefined index: province
errFile:D:\wamp\www\iwebshop\controllers\block.php
errLine:577
errTime:15-07-23 09:49:14
<\ERROR_INFO>
<ERROR_INFO>
errID:8
errStr:Undefined index: city
errFile:D:\wamp\www\iwebshop\controllers\block.php
errLine:577
errTime:15-07-23 09:49:14
<\ERROR_INFO>
<ERROR_INFO>
errID:8
errStr:Undefined index: area
errFile:D:\wamp\www\iwebshop\controllers\block.php
errLine:577
errTime:15-07-23 09:49:14
<\ERROR_INFO>
<ERROR_INFO>
Mess: SELECT * FROM shop_areas WHERE area_id in () limit 50000
 -- You have an error in your SQL syntax; check the manual that corresponds to your MySQL server version for the right syntax to use near ') limit 50000' at line 1
Line: 68
File: IWEB_PATH/db\db_class.php
##Debug_backtrace:##
	Func:query          	Class:IDB            	Type:->   	Line:186  	File:IWEB_PATH/web\model\model_class.php
	Func:query          	Class:IModel         	Type:->   	Line:28   	File:D:\wamp\www\iwebshop\classes\area.php
	Func:name           	Class:area           	Type:::   	Line:577  	File:D:\wamp\www\iwebshop\controllers\block.php
	Func:getOneTakeself 	Class:Block          	Type:->   	Line:24   	File:IWEB_PATH/web\action\inline_action.php
	Func:run            	Class:IInlineAction  	Type:->   	Line:137  	File:IWEB_PATH/web\controller\controller_class.php
	Func:run            	Class:IController    	Type:->   	Line:29   	File:IWEB_PATH/core\webapplication_class.php
	Func:execRequest    	Class:IWebApplication	Type:->   	Line:108  	File:IWEB_PATH/core\application_class.php
	Func:run            	Class:IApplication   	Type:->   	Line:5    	File:D:\wamp\www\iwebshop\index.php
</ERROR_INFO>
<ERROR_INFO>
errID:8
errStr:Undefined index: province
errFile:D:\wamp\www\iwebshop\controllers\block.php
errLine:577
errTime:15-07-23 09:49:35
<\ERROR_INFO>
<ERROR_INFO>
errID:8
errStr:Undefined index: city
errFile:D:\wamp\www\iwebshop\controllers\block.php
errLine:577
errTime:15-07-23 09:49:35
<\ERROR_INFO>
<ERROR_INFO>
errID:8
errStr:Undefined index: area
errFile:D:\wamp\www\iwebshop\controllers\block.php
errLine:577
errTime:15-07-23 09:49:35
<\ERROR_INFO>
<ERROR_INFO>
Mess: SELECT * FROM shop_areas WHERE area_id in () limit 50000
 -- You have an error in your SQL syntax; check the manual that corresponds to your MySQL server version for the right syntax to use near ') limit 50000' at line 1
Line: 68
File: IWEB_PATH/db\db_class.php
##Debug_backtrace:##
	Func:query          	Class:IDB            	Type:->   	Line:186  	File:IWEB_PATH/web\model\model_class.php
	Func:query          	Class:IModel         	Type:->   	Line:28   	File:D:\wamp\www\iwebshop\classes\area.php
	Func:name           	Class:area           	Type:::   	Line:577  	File:D:\wamp\www\iwebshop\controllers\block.php
	Func:getOneTakeself 	Class:Block          	Type:->   	Line:24   	File:IWEB_PATH/web\action\inline_action.php
	Func:run            	Class:IInlineAction  	Type:->   	Line:137  	File:IWEB_PATH/web\controller\controller_class.php
	Func:run            	Class:IController    	Type:->   	Line:29   	File:IWEB_PATH/core\webapplication_class.php
	Func:execRequest    	Class:IWebApplication	Type:->   	Line:108  	File:IWEB_PATH/core\application_class.php
	Func:run            	Class:IApplication   	Type:->   	Line:5    	File:D:\wamp\www\iwebshop\index.php
</ERROR_INFO>
<ERROR_INFO>
errID:8
errStr:Undefined index: province
errFile:D:\wamp\www\iwebshop\controllers\block.php
errLine:577
errTime:15-07-23 09:50:59
<\ERROR_INFO>
<ERROR_INFO>
errID:8
errStr:Undefined index: city
errFile:D:\wamp\www\iwebshop\controllers\block.php
errLine:577
errTime:15-07-23 09:50:59
<\ERROR_INFO>
<ERROR_INFO>
errID:8
errStr:Undefined index: area
errFile:D:\wamp\www\iwebshop\controllers\block.php
errLine:577
errTime:15-07-23 09:50:59
<\ERROR_INFO>
<ERROR_INFO>
Mess: SELECT * FROM shop_areas WHERE area_id in () limit 50000
 -- You have an error in your SQL syntax; check the manual that corresponds to your MySQL server version for the right syntax to use near ') limit 50000' at line 1
Line: 68
File: IWEB_PATH/db\db_class.php
##Debug_backtrace:##
	Func:query          	Class:IDB            	Type:->   	Line:186  	File:IWEB_PATH/web\model\model_class.php
	Func:query          	Class:IModel         	Type:->   	Line:28   	File:D:\wamp\www\iwebshop\classes\area.php
	Func:name           	Class:area           	Type:::   	Line:577  	File:D:\wamp\www\iwebshop\controllers\block.php
	Func:getOneTakeself 	Class:Block          	Type:->   	Line:24   	File:IWEB_PATH/web\action\inline_action.php
	Func:run            	Class:IInlineAction  	Type:->   	Line:137  	File:IWEB_PATH/web\controller\controller_class.php
	Func:run            	Class:IController    	Type:->   	Line:29   	File:IWEB_PATH/core\webapplication_class.php
	Func:execRequest    	Class:IWebApplication	Type:->   	Line:108  	File:IWEB_PATH/core\application_class.php
	Func:run            	Class:IApplication   	Type:->   	Line:5    	File:D:\wamp\www\iwebshop\index.php
</ERROR_INFO>
<ERROR_INFO>
errID:8
errStr:Undefined index: province
errFile:D:\wamp\www\iwebshop\controllers\block.php
errLine:577
errTime:15-07-23 09:51:00
<\ERROR_INFO>
<ERROR_INFO>
errID:8
errStr:Undefined index: city
errFile:D:\wamp\www\iwebshop\controllers\block.php
errLine:577
errTime:15-07-23 09:51:00
<\ERROR_INFO>
<ERROR_INFO>
errID:8
errStr:Undefined index: area
errFile:D:\wamp\www\iwebshop\controllers\block.php
errLine:577
errTime:15-07-23 09:51:00
<\ERROR_INFO>
<ERROR_INFO>
Mess: SELECT * FROM shop_areas WHERE area_id in () limit 50000
 -- You have an error in your SQL syntax; check the manual that corresponds to your MySQL server version for the right syntax to use near ') limit 50000' at line 1
Line: 68
File: IWEB_PATH/db\db_class.php
##Debug_backtrace:##
	Func:query          	Class:IDB            	Type:->   	Line:186  	File:IWEB_PATH/web\model\model_class.php
	Func:query          	Class:IModel         	Type:->   	Line:28   	File:D:\wamp\www\iwebshop\classes\area.php
	Func:name           	Class:area           	Type:::   	Line:577  	File:D:\wamp\www\iwebshop\controllers\block.php
	Func:getOneTakeself 	Class:Block          	Type:->   	Line:24   	File:IWEB_PATH/web\action\inline_action.php
	Func:run            	Class:IInlineAction  	Type:->   	Line:137  	File:IWEB_PATH/web\controller\controller_class.php
	Func:run            	Class:IController    	Type:->   	Line:29   	File:IWEB_PATH/core\webapplication_class.php
	Func:execRequest    	Class:IWebApplication	Type:->   	Line:108  	File:IWEB_PATH/core\application_class.php
	Func:run            	Class:IApplication   	Type:->   	Line:5    	File:D:\wamp\www\iwebshop\index.php
</ERROR_INFO>
<ERROR_INFO>
errID:8
errStr:Undefined index: province
errFile:D:\wamp\www\iwebshop\controllers\block.php
errLine:577
errTime:15-07-23 09:51:25
<\ERROR_INFO>
<ERROR_INFO>
errID:8
errStr:Undefined index: city
errFile:D:\wamp\www\iwebshop\controllers\block.php
errLine:577
errTime:15-07-23 09:51:25
<\ERROR_INFO>
<ERROR_INFO>
errID:8
errStr:Undefined index: area
errFile:D:\wamp\www\iwebshop\controllers\block.php
errLine:577
errTime:15-07-23 09:51:25
<\ERROR_INFO>
<ERROR_INFO>
Mess: SELECT * FROM shop_areas WHERE area_id in () limit 50000
 -- You have an error in your SQL syntax; check the manual that corresponds to your MySQL server version for the right syntax to use near ') limit 50000' at line 1
Line: 68
File: IWEB_PATH/db\db_class.php
##Debug_backtrace:##
	Func:query          	Class:IDB            	Type:->   	Line:186  	File:IWEB_PATH/web\model\model_class.php
	Func:query          	Class:IModel         	Type:->   	Line:28   	File:D:\wamp\www\iwebshop\classes\area.php
	Func:name           	Class:area           	Type:::   	Line:577  	File:D:\wamp\www\iwebshop\controllers\block.php
	Func:getOneTakeself 	Class:Block          	Type:->   	Line:24   	File:IWEB_PATH/web\action\inline_action.php
	Func:run            	Class:IInlineAction  	Type:->   	Line:137  	File:IWEB_PATH/web\controller\controller_class.php
	Func:run            	Class:IController    	Type:->   	Line:29   	File:IWEB_PATH/core\webapplication_class.php
	Func:execRequest    	Class:IWebApplication	Type:->   	Line:108  	File:IWEB_PATH/core\application_class.php
	Func:run            	Class:IApplication   	Type:->   	Line:5    	File:D:\wamp\www\iwebshop\index.php
</ERROR_INFO>
<ERROR_INFO>
errID:2
errStr:Missing argument 1 for IModel::__construct(), called in D:\wamp\www\iwebshop\controllers\site.php on line 33 and defined
errFile:IWEB_PATH/web\model\model_class.php
errLine:30
errTime:15-07-23 09:53:27
<\ERROR_INFO>
<ERROR_INFO>
errID:8
errStr:Undefined variable: tableName
errFile:IWEB_PATH/web\model\model_class.php
errLine:36
errTime:15-07-23 09:53:27
<\ERROR_INFO>
<ERROR_INFO>
errID:8
errStr:Undefined variable: tableName
errFile:IWEB_PATH/web\model\model_class.php
errLine:51
errTime:15-07-23 09:53:27
<\ERROR_INFO>
<ERROR_INFO>
errID:8
errStr:Undefined index: _store_nums
errFile:D:\wamp\www\iwebshop\classes\goods_class.php
errLine:146
errTime:15-07-23 13:28:46
<\ERROR_INFO>
<ERROR_INFO>
errID:2
errStr:array_sum() expects parameter 1 to be array, null given
errFile:D:\wamp\www\iwebshop\classes\goods_class.php
errLine:146
errTime:15-07-23 13:28:47
<\ERROR_INFO>
<ERROR_INFO>
errID:2
errStr:Missing argument 1 for IModel::__construct(), called in D:\wamp\www\iwebshop\controllers\site.php on line 33 and defined
errFile:IWEB_PATH/web\model\model_class.php
errLine:30
errTime:15-07-23 13:38:41
<\ERROR_INFO>
<ERROR_INFO>
errID:8
errStr:Undefined variable: tableName
errFile:IWEB_PATH/web\model\model_class.php
errLine:36
errTime:15-07-23 13:38:41
<\ERROR_INFO>
<ERROR_INFO>
errID:8
errStr:Undefined variable: tableName
errFile:IWEB_PATH/web\model\model_class.php
errLine:51
errTime:15-07-23 13:38:41
<\ERROR_INFO>
<ERROR_INFO>
errID:8
errStr:Undefined index: _store_nums
errFile:D:\wamp\www\iwebshop\classes\goods_class.php
errLine:146
errTime:15-07-23 13:51:38
<\ERROR_INFO>
<ERROR_INFO>
errID:2
errStr:array_sum() expects parameter 1 to be array, null given
errFile:D:\wamp\www\iwebshop\classes\goods_class.php
errLine:146
errTime:15-07-23 13:51:38
<\ERROR_INFO>
<ERROR_INFO>
errID:8
errStr:Undefined index: _store_nums
errFile:D:\wamp\www\iwebshop\classes\goods_class.php
errLine:146
errTime:15-07-23 13:52:01
<\ERROR_INFO>
<ERROR_INFO>
errID:2
errStr:array_sum() expects parameter 1 to be array, null given
errFile:D:\wamp\www\iwebshop\classes\goods_class.php
errLine:146
errTime:15-07-23 13:52:01
<\ERROR_INFO>
<ERROR_INFO>
errID:2
errStr:Missing argument 1 for IModel::__construct(), called in D:\wamp\www\iwebshop\controllers\site.php on line 33 and defined
errFile:IWEB_PATH/web\model\model_class.php
errLine:30
errTime:15-07-23 14:39:40
<\ERROR_INFO>
<ERROR_INFO>
errID:8
errStr:Undefined variable: tableName
errFile:IWEB_PATH/web\model\model_class.php
errLine:36
errTime:15-07-23 14:39:40
<\ERROR_INFO>
<ERROR_INFO>
errID:8
errStr:Undefined variable: tableName
errFile:IWEB_PATH/web\model\model_class.php
errLine:51
errTime:15-07-23 14:39:40
<\ERROR_INFO>
<ERROR_INFO>
errID:2
errStr:Missing argument 1 for IModel::__construct(), called in D:\wamp\www\iwebshop\controllers\site.php on line 33 and defined
errFile:IWEB_PATH/web\model\model_class.php
errLine:30
errTime:15-07-23 14:42:29
<\ERROR_INFO>
<ERROR_INFO>
errID:8
errStr:Undefined variable: tableName
errFile:IWEB_PATH/web\model\model_class.php
errLine:36
errTime:15-07-23 14:42:29
<\ERROR_INFO>
<ERROR_INFO>
errID:8
errStr:Undefined variable: tableName
errFile:IWEB_PATH/web\model\model_class.php
errLine:51
errTime:15-07-23 14:42:29
<\ERROR_INFO>
<ERROR_INFO>
errID:2
errStr:Missing argument 1 for IModel::__construct(), called in D:\wamp\www\iwebshop\controllers\site.php on line 33 and defined
errFile:IWEB_PATH/web\model\model_class.php
errLine:30
errTime:15-07-23 14:44:26
<\ERROR_INFO>
<ERROR_INFO>
errID:8
errStr:Undefined variable: tableName
errFile:IWEB_PATH/web\model\model_class.php
errLine:36
errTime:15-07-23 14:44:26
<\ERROR_INFO>
<ERROR_INFO>
errID:8
errStr:Undefined variable: tableName
errFile:IWEB_PATH/web\model\model_class.php
errLine:51
errTime:15-07-23 14:44:26
<\ERROR_INFO>
<ERROR_INFO>
errID:2
errStr:Missing argument 1 for IModel::__construct(), called in D:\wamp\www\iwebshop\controllers\site.php on line 33 and defined
errFile:IWEB_PATH/web\model\model_class.php
errLine:30
errTime:15-07-23 14:44:38
<\ERROR_INFO>
<ERROR_INFO>
errID:8
errStr:Undefined variable: tableName
errFile:IWEB_PATH/web\model\model_class.php
errLine:36
errTime:15-07-23 14:44:38
<\ERROR_INFO>
<ERROR_INFO>
errID:8
errStr:Undefined variable: tableName
errFile:IWEB_PATH/web\model\model_class.php
errLine:51
errTime:15-07-23 14:44:38
<\ERROR_INFO>
<ERROR_INFO>
errID:2
errStr:Missing argument 1 for IModel::__construct(), called in D:\wamp\www\iwebshop\controllers\site.php on line 33 and defined
errFile:IWEB_PATH/web\model\model_class.php
errLine:30
errTime:15-07-23 14:45:54
<\ERROR_INFO>
<ERROR_INFO>
errID:8
errStr:Undefined variable: tableName
errFile:IWEB_PATH/web\model\model_class.php
errLine:36
errTime:15-07-23 14:45:54
<\ERROR_INFO>
<ERROR_INFO>
errID:8
errStr:Undefined variable: tableName
errFile:IWEB_PATH/web\model\model_class.php
errLine:51
errTime:15-07-23 14:45:54
<\ERROR_INFO>
<ERROR_INFO>
errID:2
errStr:Missing argument 1 for IModel::__construct(), called in D:\wamp\www\iwebshop\controllers\site.php on line 33 and defined
errFile:IWEB_PATH/web\model\model_class.php
errLine:30
errTime:15-07-23 14:46:21
<\ERROR_INFO>
<ERROR_INFO>
errID:8
errStr:Undefined variable: tableName
errFile:IWEB_PATH/web\model\model_class.php
errLine:36
errTime:15-07-23 14:46:21
<\ERROR_INFO>
<ERROR_INFO>
errID:8
errStr:Undefined variable: tableName
errFile:IWEB_PATH/web\model\model_class.php
errLine:51
errTime:15-07-23 14:46:21
<\ERROR_INFO>
<ERROR_INFO>
errID:2
errStr:Missing argument 1 for IModel::__construct(), called in D:\wamp\www\iwebshop\controllers\site.php on line 33 and defined
errFile:IWEB_PATH/web\model\model_class.php
errLine:30
errTime:15-07-23 14:51:09
<\ERROR_INFO>
<ERROR_INFO>
errID:8
errStr:Undefined variable: tableName
errFile:IWEB_PATH/web\model\model_class.php
errLine:36
errTime:15-07-23 14:51:09
<\ERROR_INFO>
<ERROR_INFO>
errID:8
errStr:Undefined variable: tableName
errFile:IWEB_PATH/web\model\model_class.php
errLine:51
errTime:15-07-23 14:51:09
<\ERROR_INFO>
<ERROR_INFO>
errID:2
errStr:Missing argument 1 for IModel::__construct(), called in D:\wamp\www\iwebshop\controllers\site.php on line 33 and defined
errFile:IWEB_PATH/web\model\model_class.php
errLine:30
errTime:15-07-23 15:07:46
<\ERROR_INFO>
<ERROR_INFO>
errID:8
errStr:Undefined variable: tableName
errFile:IWEB_PATH/web\model\model_class.php
errLine:36
errTime:15-07-23 15:07:46
<\ERROR_INFO>
<ERROR_INFO>
errID:8
errStr:Undefined variable: tableName
errFile:IWEB_PATH/web\model\model_class.php
errLine:51
errTime:15-07-23 15:07:46
<\ERROR_INFO>
<ERROR_INFO>
errID:2
errStr:Missing argument 1 for IModel::__construct(), called in D:\wamp\www\iwebshop\controllers\site.php on line 33 and defined
errFile:IWEB_PATH/web\model\model_class.php
errLine:30
errTime:15-07-23 15:33:33
<\ERROR_INFO>
<ERROR_INFO>
errID:8
errStr:Undefined variable: tableName
errFile:IWEB_PATH/web\model\model_class.php
errLine:36
errTime:15-07-23 15:33:33
<\ERROR_INFO>
<ERROR_INFO>
errID:8
errStr:Undefined variable: tableName
errFile:IWEB_PATH/web\model\model_class.php
errLine:51
errTime:15-07-23 15:33:33
<\ERROR_INFO>
<ERROR_INFO>
errID:2
errStr:Missing argument 1 for IModel::__construct(), called in D:\wamp\www\iwebshop\controllers\site.php on line 33 and defined
errFile:IWEB_PATH/web\model\model_class.php
errLine:30
errTime:15-07-23 15:36:18
<\ERROR_INFO>
<ERROR_INFO>
errID:8
errStr:Undefined variable: tableName
errFile:IWEB_PATH/web\model\model_class.php
errLine:36
errTime:15-07-23 15:36:18
<\ERROR_INFO>
<ERROR_INFO>
errID:8
errStr:Undefined variable: tableName
errFile:IWEB_PATH/web\model\model_class.php
errLine:51
errTime:15-07-23 15:36:18
<\ERROR_INFO>
<ERROR_INFO>
errID:2
errStr:Missing argument 1 for IModel::__construct(), called in D:\wamp\www\iwebshop\controllers\site.php on line 33 and defined
errFile:IWEB_PATH/web\model\model_class.php
errLine:30
errTime:15-07-23 15:36:21
<\ERROR_INFO>
<ERROR_INFO>
errID:8
errStr:Undefined variable: tableName
errFile:IWEB_PATH/web\model\model_class.php
errLine:36
errTime:15-07-23 15:36:21
<\ERROR_INFO>
<ERROR_INFO>
errID:8
errStr:Undefined variable: tableName
errFile:IWEB_PATH/web\model\model_class.php
errLine:51
errTime:15-07-23 15:36:21
<\ERROR_INFO>
<ERROR_INFO>
errID:2
errStr:Missing argument 1 for IModel::__construct(), called in D:\wamp\www\iwebshop\controllers\site.php on line 33 and defined
errFile:IWEB_PATH/web\model\model_class.php
errLine:30
errTime:15-07-23 15:36:24
<\ERROR_INFO>
<ERROR_INFO>
errID:8
errStr:Undefined variable: tableName
errFile:IWEB_PATH/web\model\model_class.php
errLine:36
errTime:15-07-23 15:36:24
<\ERROR_INFO>
<ERROR_INFO>
errID:8
errStr:Undefined variable: tableName
errFile:IWEB_PATH/web\model\model_class.php
errLine:51
errTime:15-07-23 15:36:24
<\ERROR_INFO>
<ERROR_INFO>
errID:2
errStr:Missing argument 1 for IModel::__construct(), called in D:\wamp\www\iwebshop\controllers\site.php on line 33 and defined
errFile:IWEB_PATH/web\model\model_class.php
errLine:30
errTime:15-07-23 15:36:25
<\ERROR_INFO>
<ERROR_INFO>
errID:8
errStr:Undefined variable: tableName
errFile:IWEB_PATH/web\model\model_class.php
errLine:36
errTime:15-07-23 15:36:25
<\ERROR_INFO>
<ERROR_INFO>
errID:8
errStr:Undefined variable: tableName
errFile:IWEB_PATH/web\model\model_class.php
errLine:51
errTime:15-07-23 15:36:25
<\ERROR_INFO>
<ERROR_INFO>
errID:2
errStr:Missing argument 1 for IModel::__construct(), called in D:\wamp\www\iwebshop\controllers\site.php on line 33 and defined
errFile:IWEB_PATH/web\model\model_class.php
errLine:30
errTime:15-07-23 15:36:49
<\ERROR_INFO>
<ERROR_INFO>
errID:8
errStr:Undefined variable: tableName
errFile:IWEB_PATH/web\model\model_class.php
errLine:36
errTime:15-07-23 15:36:49
<\ERROR_INFO>
<ERROR_INFO>
errID:8
errStr:Undefined variable: tableName
errFile:IWEB_PATH/web\model\model_class.php
errLine:51
errTime:15-07-23 15:36:49
<\ERROR_INFO>
<ERROR_INFO>
errID:2
errStr:Missing argument 1 for IModel::__construct(), called in D:\wamp\www\iwebshop\controllers\site.php on line 33 and defined
errFile:IWEB_PATH/web\model\model_class.php
errLine:30
errTime:15-07-23 15:36:57
<\ERROR_INFO>
<ERROR_INFO>
errID:8
errStr:Undefined variable: tableName
errFile:IWEB_PATH/web\model\model_class.php
errLine:36
errTime:15-07-23 15:36:57
<\ERROR_INFO>
<ERROR_INFO>
errID:8
errStr:Undefined variable: tableName
errFile:IWEB_PATH/web\model\model_class.php
errLine:51
errTime:15-07-23 15:36:57
<\ERROR_INFO>
<ERROR_INFO>
errID:2
errStr:Missing argument 1 for IModel::__construct(), called in D:\wamp\www\iwebshop\controllers\site.php on line 33 and defined
errFile:IWEB_PATH/web\model\model_class.php
errLine:30
errTime:15-07-23 15:37:47
<\ERROR_INFO>
<ERROR_INFO>
errID:8
errStr:Undefined variable: tableName
errFile:IWEB_PATH/web\model\model_class.php
errLine:36
errTime:15-07-23 15:37:47
<\ERROR_INFO>
<ERROR_INFO>
errID:8
errStr:Undefined variable: tableName
errFile:IWEB_PATH/web\model\model_class.php
errLine:51
errTime:15-07-23 15:37:47
<\ERROR_INFO>
<ERROR_INFO>
errID:2
errStr:Missing argument 1 for IModel::__construct(), called in D:\wamp\www\iwebshop\controllers\site.php on line 33 and defined
errFile:IWEB_PATH/web\model\model_class.php
errLine:30
errTime:15-07-23 15:43:57
<\ERROR_INFO>
<ERROR_INFO>
errID:8
errStr:Undefined variable: tableName
errFile:IWEB_PATH/web\model\model_class.php
errLine:36
errTime:15-07-23 15:43:57
<\ERROR_INFO>
<ERROR_INFO>
errID:8
errStr:Undefined variable: tableName
errFile:IWEB_PATH/web\model\model_class.php
errLine:51
errTime:15-07-23 15:43:57
<\ERROR_INFO>
<ERROR_INFO>
errID:2
errStr:Missing argument 1 for IModel::__construct(), called in D:\wamp\www\iwebshop\controllers\site.php on line 33 and defined
errFile:IWEB_PATH/web\model\model_class.php
errLine:30
errTime:15-07-23 15:55:29
<\ERROR_INFO>
<ERROR_INFO>
errID:8
errStr:Undefined variable: tableName
errFile:IWEB_PATH/web\model\model_class.php
errLine:36
errTime:15-07-23 15:55:29
<\ERROR_INFO>
<ERROR_INFO>
errID:8
errStr:Undefined variable: tableName
errFile:IWEB_PATH/web\model\model_class.php
errLine:51
errTime:15-07-23 15:55:29
<\ERROR_INFO>
<ERROR_INFO>
errID:2
errStr:Missing argument 1 for IModel::__construct(), called in D:\wamp\www\iwebshop\controllers\site.php on line 33 and defined
errFile:IWEB_PATH/web\model\model_class.php
errLine:30
errTime:15-07-23 15:55:57
<\ERROR_INFO>
<ERROR_INFO>
errID:8
errStr:Undefined variable: tableName
errFile:IWEB_PATH/web\model\model_class.php
errLine:36
errTime:15-07-23 15:55:57
<\ERROR_INFO>
<ERROR_INFO>
errID:8
errStr:Undefined variable: tableName
errFile:IWEB_PATH/web\model\model_class.php
errLine:51
errTime:15-07-23 15:55:57
<\ERROR_INFO>
<ERROR_INFO>
errID:2
errStr:Missing argument 1 for IModel::__construct(), called in D:\wamp\www\iwebshop\controllers\site.php on line 33 and defined
errFile:IWEB_PATH/web\model\model_class.php
errLine:30
errTime:15-07-23 16:05:32
<\ERROR_INFO>
<ERROR_INFO>
errID:8
errStr:Undefined variable: tableName
errFile:IWEB_PATH/web\model\model_class.php
errLine:36
errTime:15-07-23 16:05:32
<\ERROR_INFO>
<ERROR_INFO>
errID:8
errStr:Undefined variable: tableName
errFile:IWEB_PATH/web\model\model_class.php
errLine:51
errTime:15-07-23 16:05:32
<\ERROR_INFO>
<ERROR_INFO>
errID:2
errStr:Missing argument 1 for IModel::__construct(), called in D:\wamp\www\iwebshop\controllers\site.php on line 33 and defined
errFile:IWEB_PATH/web\model\model_class.php
errLine:30
errTime:15-07-23 16:50:46
<\ERROR_INFO>
<ERROR_INFO>
errID:8
errStr:Undefined variable: tableName
errFile:IWEB_PATH/web\model\model_class.php
errLine:36
errTime:15-07-23 16:50:46
<\ERROR_INFO>
<ERROR_INFO>
errID:8
errStr:Undefined variable: tableName
errFile:IWEB_PATH/web\model\model_class.php
errLine:51
errTime:15-07-23 16:50:46
<\ERROR_INFO>
<ERROR_INFO>
errID:2
errStr:Missing argument 1 for IModel::__construct(), called in D:\wamp\www\iwebshop\controllers\site.php on line 33 and defined
errFile:IWEB_PATH/web\model\model_class.php
errLine:30
errTime:15-07-23 16:51:54
<\ERROR_INFO>
<ERROR_INFO>
errID:8
errStr:Undefined variable: tableName
errFile:IWEB_PATH/web\model\model_class.php
errLine:36
errTime:15-07-23 16:51:54
<\ERROR_INFO>
<ERROR_INFO>
errID:8
errStr:Undefined variable: tableName
errFile:IWEB_PATH/web\model\model_class.php
errLine:51
errTime:15-07-23 16:51:54
<\ERROR_INFO>
