<ERROR_INFO>
errID:8
errStr:Undefined offset: 0
errFile:D:\wamp\www\iwebshop\classes\order_class.php
errLine:341
errTime:15-07-17 16:01:37
<\ERROR_INFO>
<ERROR_INFO>
errID:8
errStr:Undefined offset: 0
errFile:D:\wamp\www\iwebshop\classes\order_class.php
errLine:342
errTime:15-07-17 16:01:37
<\ERROR_INFO>
<ERROR_INFO>
errID:8
errStr:Undefined offset: 0
errFile:D:\wamp\www\iwebshop\classes\order_class.php
errLine:343
errTime:15-07-17 16:01:37
<\ERROR_INFO>
<ERROR_INFO>
errID:8
errStr:Undefined offset: 0
errFile:D:\wamp\www\iwebshop\classes\order_class.php
errLine:341
errTime:15-07-17 16:01:37
<\ERROR_INFO>
<ERROR_INFO>
errID:8
errStr:Undefined offset: 0
errFile:D:\wamp\www\iwebshop\classes\order_class.php
errLine:342
errTime:15-07-17 16:01:37
<\ERROR_INFO>
<ERROR_INFO>
errID:8
errStr:Undefined offset: 0
errFile:D:\wamp\www\iwebshop\classes\order_class.php
errLine:343
errTime:15-07-17 16:01:37
<\ERROR_INFO>
<ERROR_INFO>
errID:8
errStr:Undefined offset: 0
errFile:D:\wamp\www\iwebshop\classes\order_class.php
errLine:341
errTime:15-07-17 16:03:13
<\ERROR_INFO>
<ERROR_INFO>
errID:8
errStr:Undefined offset: 0
errFile:D:\wamp\www\iwebshop\classes\order_class.php
errLine:342
errTime:15-07-17 16:03:13
<\ERROR_INFO>
<ERROR_INFO>
errID:8
errStr:Undefined offset: 0
errFile:D:\wamp\www\iwebshop\classes\order_class.php
errLine:343
errTime:15-07-17 16:03:13
<\ERROR_INFO>
<ERROR_INFO>
errID:8
errStr:Undefined offset: 0
errFile:D:\wamp\www\iwebshop\classes\order_class.php
errLine:341
errTime:15-07-17 16:03:13
<\ERROR_INFO>
<ERROR_INFO>
errID:8
errStr:Undefined offset: 0
errFile:D:\wamp\www\iwebshop\classes\order_class.php
errLine:342
errTime:15-07-17 16:03:13
<\ERROR_INFO>
<ERROR_INFO>
errID:8
errStr:Undefined offset: 0
errFile:D:\wamp\www\iwebshop\classes\order_class.php
errLine:343
errTime:15-07-17 16:03:13
<\ERROR_INFO>
<ERROR_INFO>
errID:8
errStr:Undefined offset: 0
errFile:D:\wamp\www\iwebshop\classes\order_class.php
errLine:341
errTime:15-07-17 16:03:20
<\ERROR_INFO>
<ERROR_INFO>
errID:8
errStr:Undefined offset: 0
errFile:D:\wamp\www\iwebshop\classes\order_class.php
errLine:342
errTime:15-07-17 16:03:20
<\ERROR_INFO>
<ERROR_INFO>
errID:8
errStr:Undefined offset: 0
errFile:D:\wamp\www\iwebshop\classes\order_class.php
errLine:343
errTime:15-07-17 16:03:20
<\ERROR_INFO>
<ERROR_INFO>
errID:8
errStr:Undefined offset: 0
errFile:D:\wamp\www\iwebshop\classes\order_class.php
errLine:341
errTime:15-07-17 16:03:20
<\ERROR_INFO>
<ERROR_INFO>
errID:8
errStr:Undefined offset: 0
errFile:D:\wamp\www\iwebshop\classes\order_class.php
errLine:342
errTime:15-07-17 16:03:20
<\ERROR_INFO>
<ERROR_INFO>
errID:8
errStr:Undefined offset: 0
errFile:D:\wamp\www\iwebshop\classes\order_class.php
errLine:343
errTime:15-07-17 16:03:20
<\ERROR_INFO>
<ERROR_INFO>
errID:8
errStr:Undefined offset: 0
errFile:D:\wamp\www\iwebshop\classes\order_class.php
errLine:341
errTime:15-07-17 16:03:24
<\ERROR_INFO>
<ERROR_INFO>
errID:8
errStr:Undefined offset: 0
errFile:D:\wamp\www\iwebshop\classes\order_class.php
errLine:342
errTime:15-07-17 16:03:24
<\ERROR_INFO>
<ERROR_INFO>
errID:8
errStr:Undefined offset: 0
errFile:D:\wamp\www\iwebshop\classes\order_class.php
errLine:343
errTime:15-07-17 16:03:24
<\ERROR_INFO>
<ERROR_INFO>
errID:8
errStr:Undefined offset: 0
errFile:D:\wamp\www\iwebshop\classes\order_class.php
errLine:341
errTime:15-07-17 16:03:24
<\ERROR_INFO>
<ERROR_INFO>
errID:8
errStr:Undefined offset: 0
errFile:D:\wamp\www\iwebshop\classes\order_class.php
errLine:342
errTime:15-07-17 16:03:24
<\ERROR_INFO>
<ERROR_INFO>
errID:8
errStr:Undefined offset: 0
errFile:D:\wamp\www\iwebshop\classes\order_class.php
errLine:343
errTime:15-07-17 16:03:24
<\ERROR_INFO>
<ERROR_INFO>
errID:8
errStr:Undefined offset: 0
errFile:D:\wamp\www\iwebshop\classes\order_class.php
errLine:341
errTime:15-07-17 16:03:34
<\ERROR_INFO>
<ERROR_INFO>
errID:8
errStr:Undefined offset: 0
errFile:D:\wamp\www\iwebshop\classes\order_class.php
errLine:342
errTime:15-07-17 16:03:34
<\ERROR_INFO>
<ERROR_INFO>
errID:8
errStr:Undefined offset: 0
errFile:D:\wamp\www\iwebshop\classes\order_class.php
errLine:343
errTime:15-07-17 16:03:34
<\ERROR_INFO>
<ERROR_INFO>
errID:8
errStr:Undefined offset: 0
errFile:D:\wamp\www\iwebshop\classes\order_class.php
errLine:341
errTime:15-07-17 16:03:34
<\ERROR_INFO>
<ERROR_INFO>
errID:8
errStr:Undefined offset: 0
errFile:D:\wamp\www\iwebshop\classes\order_class.php
errLine:342
errTime:15-07-17 16:03:34
<\ERROR_INFO>
<ERROR_INFO>
errID:8
errStr:Undefined offset: 0
errFile:D:\wamp\www\iwebshop\classes\order_class.php
errLine:343
errTime:15-07-17 16:03:34
<\ERROR_INFO>
<ERROR_INFO>
errID:8
errStr:Undefined offset: 0
errFile:D:\wamp\www\iwebshop\classes\order_class.php
errLine:341
errTime:15-07-17 16:03:45
<\ERROR_INFO>
<ERROR_INFO>
errID:8
errStr:Undefined offset: 0
errFile:D:\wamp\www\iwebshop\classes\order_class.php
errLine:342
errTime:15-07-17 16:03:45
<\ERROR_INFO>
<ERROR_INFO>
errID:8
errStr:Undefined offset: 0
errFile:D:\wamp\www\iwebshop\classes\order_class.php
errLine:343
errTime:15-07-17 16:03:45
<\ERROR_INFO>
<ERROR_INFO>
errID:8
errStr:Undefined offset: 0
errFile:D:\wamp\www\iwebshop\classes\order_class.php
errLine:341
errTime:15-07-17 16:03:45
<\ERROR_INFO>
<ERROR_INFO>
errID:8
errStr:Undefined offset: 0
errFile:D:\wamp\www\iwebshop\classes\order_class.php
errLine:342
errTime:15-07-17 16:03:45
<\ERROR_INFO>
<ERROR_INFO>
errID:8
errStr:Undefined offset: 0
errFile:D:\wamp\www\iwebshop\classes\order_class.php
errLine:343
errTime:15-07-17 16:03:45
<\ERROR_INFO>
<ERROR_INFO>
errID:8
errStr:Undefined index: order_id
errFile:D:\wamp\www\iwebshop\classes\order_class.php
errLine:1022
errTime:15-07-17 16:04:57
<\ERROR_INFO>
<ERROR_INFO>
errID:8
errStr:Undefined index: order_no
errFile:D:\wamp\www\iwebshop\classes\order_class.php
errLine:1023
errTime:15-07-17 16:04:57
<\ERROR_INFO>
<ERROR_INFO>
errID:8
errStr:Undefined index: amount
errFile:D:\wamp\www\iwebshop\classes\order_class.php
errLine:1024
errTime:15-07-17 16:04:57
<\ERROR_INFO>
<ERROR_INFO>
errID:8
errStr:Undefined index: user_id
errFile:D:\wamp\www\iwebshop\classes\order_class.php
errLine:1025
errTime:15-07-17 16:04:57
<\ERROR_INFO>
<ERROR_INFO>
errID:8
errStr:Undefined index: goods_id
errFile:D:\wamp\www\iwebshop\classes\order_class.php
errLine:1027
errTime:15-07-17 16:04:57
<\ERROR_INFO>
<ERROR_INFO>
errID:8
errStr:Undefined index: product_id
errFile:D:\wamp\www\iwebshop\classes\order_class.php
errLine:1027
errTime:15-07-17 16:04:57
<\ERROR_INFO>
<ERROR_INFO>
Mess: SELECT * FROM shop_order_goods WHERE order_id =  and goods_id =  and product_id =  limit 1
 -- You have an error in your SQL syntax; check the manual that corresponds to your MySQL server version for the right syntax to use near 'and goods_id =  and product_id =  limit 1' at line 1
Line: 68
File: IWEB_PATH/db\db_class.php
##Debug_backtrace:##
	Func:query          	Class:IDB            	Type:->   	Line:186  	File:IWEB_PATH/web\model\model_class.php
	Func:query          	Class:IModel         	Type:->   	Line:134  	File:IWEB_PATH/web\model\model_class.php
	Func:getObj         	Class:IModel         	Type:->   	Line:1027 	File:D:\wamp\www\iwebshop\classes\order_class.php
	Func:refund         	Class:Order_Class    	Type:::   	Line:327  	File:D:\wamp\www\iwebshop\controllers\order.php
	Func:order_refundment_doc	Class:Order          	Type:->   	Line:24   	File:IWEB_PATH/web\action\inline_action.php
	Func:run            	Class:IInlineAction  	Type:->   	Line:137  	File:IWEB_PATH/web\controller\controller_class.php
	Func:run            	Class:IController    	Type:->   	Line:29   	File:IWEB_PATH/core\webapplication_class.php
	Func:execRequest    	Class:IWebApplication	Type:->   	Line:108  	File:IWEB_PATH/core\application_class.php
	Func:run            	Class:IApplication   	Type:->   	Line:5    	File:D:\wamp\www\iwebshop\index.php
</ERROR_INFO>
<ERROR_INFO>
errID:2
errStr:file_get_contents(): 
errFile:D:\wamp\www\iwebshop\classes\proxy.php
errLine:23
errTime:15-07-17 16:13:53
<\ERROR_INFO>
<ERROR_INFO>
errID:2
errStr:file_get_contents(http://product.aircheng.com/index.php?_c=system&amp;_a=version): 
errFile:D:\wamp\www\iwebshop\classes\proxy.php
errLine:23
errTime:15-07-17 16:13:53
<\ERROR_INFO>
<ERROR_INFO>
errID:2
errStr:file_get_contents(): 
errFile:D:\wamp\www\iwebshop\classes\proxy.php
errLine:23
errTime:15-07-17 16:23:03
<\ERROR_INFO>
<ERROR_INFO>
errID:2
errStr:file_get_contents(http://product.aircheng.com/index.php?_c=system&amp;_a=version): 
errFile:D:\wamp\www\iwebshop\classes\proxy.php
errLine:23
errTime:15-07-17 16:23:03
<\ERROR_INFO>
<ERROR_INFO>
errID:8
errStr:Undefined offset: 0
errFile:D:\wamp\www\iwebshop\classes\order_class.php
errLine:341
errTime:15-07-17 16:33:59
<\ERROR_INFO>
<ERROR_INFO>
errID:8
errStr:Undefined offset: 0
errFile:D:\wamp\www\iwebshop\classes\order_class.php
errLine:342
errTime:15-07-17 16:33:59
<\ERROR_INFO>
<ERROR_INFO>
errID:8
errStr:Undefined offset: 0
errFile:D:\wamp\www\iwebshop\classes\order_class.php
errLine:343
errTime:15-07-17 16:33:59
<\ERROR_INFO>
<ERROR_INFO>
errID:8
errStr:Undefined offset: 0
errFile:D:\wamp\www\iwebshop\classes\order_class.php
errLine:341
errTime:15-07-17 16:33:59
<\ERROR_INFO>
<ERROR_INFO>
errID:8
errStr:Undefined offset: 0
errFile:D:\wamp\www\iwebshop\classes\order_class.php
errLine:342
errTime:15-07-17 16:33:59
<\ERROR_INFO>
<ERROR_INFO>
errID:8
errStr:Undefined offset: 0
errFile:D:\wamp\www\iwebshop\classes\order_class.php
errLine:343
errTime:15-07-17 16:33:59
<\ERROR_INFO>
