<ERROR_INFO>
errID:2
errStr:Missing argument 1 for IModel::__construct(), called in D:\wamp\www\iwebshop\controllers\site.php on line 33 and defined
errFile:IWEB_PATH/web\model\model_class.php
errLine:30
errTime:15-07-22 08:34:33
<\ERROR_INFO>
<ERROR_INFO>
errID:8
errStr:Undefined variable: tableName
errFile:IWEB_PATH/web\model\model_class.php
errLine:36
errTime:15-07-22 08:34:33
<\ERROR_INFO>
<ERROR_INFO>
errID:8
errStr:Undefined variable: tableName
errFile:IWEB_PATH/web\model\model_class.php
errLine:51
errTime:15-07-22 08:34:33
<\ERROR_INFO>
<ERROR_INFO>
errID:2
errStr:Missing argument 1 for IModel::__construct(), called in D:\wamp\www\iwebshop\controllers\site.php on line 33 and defined
errFile:IWEB_PATH/web\model\model_class.php
errLine:30
errTime:15-07-22 08:37:00
<\ERROR_INFO>
<ERROR_INFO>
errID:8
errStr:Undefined variable: tableName
errFile:IWEB_PATH/web\model\model_class.php
errLine:36
errTime:15-07-22 08:37:00
<\ERROR_INFO>
<ERROR_INFO>
errID:8
errStr:Undefined variable: tableName
errFile:IWEB_PATH/web\model\model_class.php
errLine:51
errTime:15-07-22 08:37:00
<\ERROR_INFO>
<ERROR_INFO>
errID:2
errStr:Missing argument 1 for IModel::__construct(), called in D:\wamp\www\iwebshop\controllers\site.php on line 33 and defined
errFile:IWEB_PATH/web\model\model_class.php
errLine:30
errTime:15-07-22 08:37:55
<\ERROR_INFO>
<ERROR_INFO>
errID:8
errStr:Undefined variable: tableName
errFile:IWEB_PATH/web\model\model_class.php
errLine:36
errTime:15-07-22 08:37:55
<\ERROR_INFO>
<ERROR_INFO>
errID:8
errStr:Undefined variable: tableName
errFile:IWEB_PATH/web\model\model_class.php
errLine:51
errTime:15-07-22 08:37:55
<\ERROR_INFO>
<ERROR_INFO>
errID:2
errStr:Missing argument 1 for IModel::__construct(), called in D:\wamp\www\iwebshop\controllers\site.php on line 33 and defined
errFile:IWEB_PATH/web\model\model_class.php
errLine:30
errTime:15-07-22 08:44:13
<\ERROR_INFO>
<ERROR_INFO>
errID:8
errStr:Undefined variable: tableName
errFile:IWEB_PATH/web\model\model_class.php
errLine:36
errTime:15-07-22 08:44:13
<\ERROR_INFO>
<ERROR_INFO>
errID:8
errStr:Undefined variable: tableName
errFile:IWEB_PATH/web\model\model_class.php
errLine:51
errTime:15-07-22 08:44:13
<\ERROR_INFO>
<ERROR_INFO>
errID:2
errStr:Missing argument 1 for IModel::__construct(), called in D:\wamp\www\iwebshop\controllers\site.php on line 33 and defined
errFile:IWEB_PATH/web\model\model_class.php
errLine:30
errTime:15-07-22 08:44:46
<\ERROR_INFO>
<ERROR_INFO>
errID:8
errStr:Undefined variable: tableName
errFile:IWEB_PATH/web\model\model_class.php
errLine:36
errTime:15-07-22 08:44:46
<\ERROR_INFO>
<ERROR_INFO>
errID:8
errStr:Undefined variable: tableName
errFile:IWEB_PATH/web\model\model_class.php
errLine:51
errTime:15-07-22 08:44:46
<\ERROR_INFO>
<ERROR_INFO>
errID:2
errStr:Missing argument 1 for IModel::__construct(), called in D:\wamp\www\iwebshop\controllers\site.php on line 33 and defined
errFile:IWEB_PATH/web\model\model_class.php
errLine:30
errTime:15-07-22 08:45:14
<\ERROR_INFO>
<ERROR_INFO>
errID:8
errStr:Undefined variable: tableName
errFile:IWEB_PATH/web\model\model_class.php
errLine:36
errTime:15-07-22 08:45:14
<\ERROR_INFO>
<ERROR_INFO>
errID:8
errStr:Undefined variable: tableName
errFile:IWEB_PATH/web\model\model_class.php
errLine:51
errTime:15-07-22 08:45:14
<\ERROR_INFO>
<ERROR_INFO>
errID:2
errStr:Missing argument 1 for IModel::__construct(), called in D:\wamp\www\iwebshop\controllers\site.php on line 33 and defined
errFile:IWEB_PATH/web\model\model_class.php
errLine:30
errTime:15-07-22 08:46:18
<\ERROR_INFO>
<ERROR_INFO>
errID:8
errStr:Undefined variable: tableName
errFile:IWEB_PATH/web\model\model_class.php
errLine:36
errTime:15-07-22 08:46:18
<\ERROR_INFO>
<ERROR_INFO>
errID:8
errStr:Undefined variable: tableName
errFile:IWEB_PATH/web\model\model_class.php
errLine:51
errTime:15-07-22 08:46:18
<\ERROR_INFO>
<ERROR_INFO>
errID:2
errStr:Missing argument 1 for IModel::__construct(), called in D:\wamp\www\iwebshop\controllers\site.php on line 33 and defined
errFile:IWEB_PATH/web\model\model_class.php
errLine:30
errTime:15-07-22 08:46:49
<\ERROR_INFO>
<ERROR_INFO>
errID:8
errStr:Undefined variable: tableName
errFile:IWEB_PATH/web\model\model_class.php
errLine:36
errTime:15-07-22 08:46:49
<\ERROR_INFO>
<ERROR_INFO>
errID:8
errStr:Undefined variable: tableName
errFile:IWEB_PATH/web\model\model_class.php
errLine:51
errTime:15-07-22 08:46:49
<\ERROR_INFO>
<ERROR_INFO>
errID:2
errStr:Missing argument 1 for IModel::__construct(), called in D:\wamp\www\iwebshop\controllers\site.php on line 33 and defined
errFile:IWEB_PATH/web\model\model_class.php
errLine:30
errTime:15-07-22 08:48:06
<\ERROR_INFO>
<ERROR_INFO>
errID:8
errStr:Undefined variable: tableName
errFile:IWEB_PATH/web\model\model_class.php
errLine:36
errTime:15-07-22 08:48:06
<\ERROR_INFO>
<ERROR_INFO>
errID:8
errStr:Undefined variable: tableName
errFile:IWEB_PATH/web\model\model_class.php
errLine:51
errTime:15-07-22 08:48:06
<\ERROR_INFO>
<ERROR_INFO>
errID:2
errStr:Missing argument 1 for IModel::__construct(), called in D:\wamp\www\iwebshop\controllers\site.php on line 33 and defined
errFile:IWEB_PATH/web\model\model_class.php
errLine:30
errTime:15-07-22 08:54:03
<\ERROR_INFO>
<ERROR_INFO>
errID:8
errStr:Undefined variable: tableName
errFile:IWEB_PATH/web\model\model_class.php
errLine:36
errTime:15-07-22 08:54:03
<\ERROR_INFO>
<ERROR_INFO>
errID:8
errStr:Undefined variable: tableName
errFile:IWEB_PATH/web\model\model_class.php
errLine:51
errTime:15-07-22 08:54:03
<\ERROR_INFO>
<ERROR_INFO>
Mess: SELECT * FROM shop_goods_attribute WHERE goods_id in () limit 50000
 -- You have an error in your SQL syntax; check the manual that corresponds to your MySQL server version for the right syntax to use near ') limit 50000' at line 1
Line: 68
File: IWEB_PATH/db\db_class.php
##Debug_backtrace:##
	Func:query          	Class:IDB            	Type:->   	Line:186  	File:IWEB_PATH/web\model\model_class.php
	Func:query          	Class:IModel         	Type:->   	Line:379  	File:D:\wamp\www\iwebshop\classes\search_goods.php
	Func:find           	Class:search_goods   	Type:::   	Line:126  	File:D:\wamp\www\iwebshop\runtime\index\site\pro_list.php
	Func:require        	Class:               	Type:     	Line:116  	File:IWEB_PATH/web\controller\controllerbase_class.php
	Func:requireFile    	Class:IControllerBase	Type:->   	Line:82   	File:IWEB_PATH/web\controller\controllerbase_class.php
	Func:renderView     	Class:IControllerBase	Type:->   	Line:201  	File:IWEB_PATH/web\controller\controller_class.php
	Func:render         	Class:IController    	Type:->   	Line:36   	File:IWEB_PATH/web\action\view_action.php
	Func:run            	Class:IViewAction    	Type:->   	Line:370  	File:IWEB_PATH/web\controller\controller_class.php
	Func:redirect       	Class:IController    	Type:->   	Line:193  	File:D:\wamp\www\iwebshop\controllers\site.php
	Func:pro_list       	Class:Site           	Type:->   	Line:24   	File:IWEB_PATH/web\action\inline_action.php
	Func:run            	Class:IInlineAction  	Type:->   	Line:137  	File:IWEB_PATH/web\controller\controller_class.php
	Func:run            	Class:IController    	Type:->   	Line:29   	File:IWEB_PATH/core\webapplication_class.php
	Func:execRequest    	Class:IWebApplication	Type:->   	Line:108  	File:IWEB_PATH/core\application_class.php
	Func:run            	Class:IApplication   	Type:->   	Line:5    	File:D:\wamp\www\iwebshop\index.php
</ERROR_INFO>
<ERROR_INFO>
errID:2
errStr:Missing argument 1 for IModel::__construct(), called in D:\wamp\www\iwebshop\controllers\site.php on line 33 and defined
errFile:IWEB_PATH/web\model\model_class.php
errLine:30
errTime:15-07-22 08:56:24
<\ERROR_INFO>
<ERROR_INFO>
errID:8
errStr:Undefined variable: tableName
errFile:IWEB_PATH/web\model\model_class.php
errLine:36
errTime:15-07-22 08:56:24
<\ERROR_INFO>
<ERROR_INFO>
errID:8
errStr:Undefined variable: tableName
errFile:IWEB_PATH/web\model\model_class.php
errLine:51
errTime:15-07-22 08:56:24
<\ERROR_INFO>
<ERROR_INFO>
errID:2
errStr:Missing argument 1 for IModel::__construct(), called in D:\wamp\www\iwebshop\controllers\site.php on line 33 and defined
errFile:IWEB_PATH/web\model\model_class.php
errLine:30
errTime:15-07-22 08:56:37
<\ERROR_INFO>
<ERROR_INFO>
errID:8
errStr:Undefined variable: tableName
errFile:IWEB_PATH/web\model\model_class.php
errLine:36
errTime:15-07-22 08:56:37
<\ERROR_INFO>
<ERROR_INFO>
errID:8
errStr:Undefined variable: tableName
errFile:IWEB_PATH/web\model\model_class.php
errLine:51
errTime:15-07-22 08:56:37
<\ERROR_INFO>
<ERROR_INFO>
errID:2
errStr:Missing argument 1 for IModel::__construct(), called in D:\wamp\www\iwebshop\controllers\site.php on line 33 and defined
errFile:IWEB_PATH/web\model\model_class.php
errLine:30
errTime:15-07-22 08:56:52
<\ERROR_INFO>
<ERROR_INFO>
errID:8
errStr:Undefined variable: tableName
errFile:IWEB_PATH/web\model\model_class.php
errLine:36
errTime:15-07-22 08:56:52
<\ERROR_INFO>
<ERROR_INFO>
errID:8
errStr:Undefined variable: tableName
errFile:IWEB_PATH/web\model\model_class.php
errLine:51
errTime:15-07-22 08:56:52
<\ERROR_INFO>
<ERROR_INFO>
errID:2
errStr:Missing argument 1 for IModel::__construct(), called in D:\wamp\www\iwebshop\controllers\site.php on line 33 and defined
errFile:IWEB_PATH/web\model\model_class.php
errLine:30
errTime:15-07-22 08:57:46
<\ERROR_INFO>
<ERROR_INFO>
errID:8
errStr:Undefined variable: tableName
errFile:IWEB_PATH/web\model\model_class.php
errLine:36
errTime:15-07-22 08:57:46
<\ERROR_INFO>
<ERROR_INFO>
errID:8
errStr:Undefined variable: tableName
errFile:IWEB_PATH/web\model\model_class.php
errLine:51
errTime:15-07-22 08:57:46
<\ERROR_INFO>
<ERROR_INFO>
errID:2
errStr:Missing argument 1 for IModel::__construct(), called in D:\wamp\www\iwebshop\controllers\site.php on line 33 and defined
errFile:IWEB_PATH/web\model\model_class.php
errLine:30
errTime:15-07-22 08:58:38
<\ERROR_INFO>
<ERROR_INFO>
errID:8
errStr:Undefined variable: tableName
errFile:IWEB_PATH/web\model\model_class.php
errLine:36
errTime:15-07-22 08:58:38
<\ERROR_INFO>
<ERROR_INFO>
errID:8
errStr:Undefined variable: tableName
errFile:IWEB_PATH/web\model\model_class.php
errLine:51
errTime:15-07-22 08:58:38
<\ERROR_INFO>
<ERROR_INFO>
errID:2
errStr:Missing argument 1 for IModel::__construct(), called in D:\wamp\www\iwebshop\controllers\site.php on line 33 and defined
errFile:IWEB_PATH/web\model\model_class.php
errLine:30
errTime:15-07-22 09:26:03
<\ERROR_INFO>
<ERROR_INFO>
errID:8
errStr:Undefined variable: tableName
errFile:IWEB_PATH/web\model\model_class.php
errLine:36
errTime:15-07-22 09:26:03
<\ERROR_INFO>
<ERROR_INFO>
errID:8
errStr:Undefined variable: tableName
errFile:IWEB_PATH/web\model\model_class.php
errLine:51
errTime:15-07-22 09:26:03
<\ERROR_INFO>
<ERROR_INFO>
errID:2
errStr:Missing argument 1 for IModel::__construct(), called in D:\wamp\www\iwebshop\controllers\site.php on line 33 and defined
errFile:IWEB_PATH/web\model\model_class.php
errLine:30
errTime:15-07-22 09:26:11
<\ERROR_INFO>
<ERROR_INFO>
errID:8
errStr:Undefined variable: tableName
errFile:IWEB_PATH/web\model\model_class.php
errLine:36
errTime:15-07-22 09:26:11
<\ERROR_INFO>
<ERROR_INFO>
errID:8
errStr:Undefined variable: tableName
errFile:IWEB_PATH/web\model\model_class.php
errLine:51
errTime:15-07-22 09:26:11
<\ERROR_INFO>
<ERROR_INFO>
errID:2
errStr:Missing argument 1 for IModel::__construct(), called in D:\wamp\www\iwebshop\controllers\site.php on line 33 and defined
errFile:IWEB_PATH/web\model\model_class.php
errLine:30
errTime:15-07-22 09:27:45
<\ERROR_INFO>
<ERROR_INFO>
errID:8
errStr:Undefined variable: tableName
errFile:IWEB_PATH/web\model\model_class.php
errLine:36
errTime:15-07-22 09:27:45
<\ERROR_INFO>
<ERROR_INFO>
errID:8
errStr:Undefined variable: tableName
errFile:IWEB_PATH/web\model\model_class.php
errLine:51
errTime:15-07-22 09:27:45
<\ERROR_INFO>
<ERROR_INFO>
errID:2
errStr:Missing argument 1 for IModel::__construct(), called in D:\wamp\www\iwebshop\controllers\site.php on line 33 and defined
errFile:IWEB_PATH/web\model\model_class.php
errLine:30
errTime:15-07-22 09:56:32
<\ERROR_INFO>
<ERROR_INFO>
errID:8
errStr:Undefined variable: tableName
errFile:IWEB_PATH/web\model\model_class.php
errLine:36
errTime:15-07-22 09:56:32
<\ERROR_INFO>
<ERROR_INFO>
errID:8
errStr:Undefined variable: tableName
errFile:IWEB_PATH/web\model\model_class.php
errLine:51
errTime:15-07-22 09:56:32
<\ERROR_INFO>
<ERROR_INFO>
errID:2
errStr:Missing argument 1 for IModel::__construct(), called in D:\wamp\www\iwebshop\controllers\site.php on line 33 and defined
errFile:IWEB_PATH/web\model\model_class.php
errLine:30
errTime:15-07-22 10:45:06
<\ERROR_INFO>
<ERROR_INFO>
errID:8
errStr:Undefined variable: tableName
errFile:IWEB_PATH/web\model\model_class.php
errLine:36
errTime:15-07-22 10:45:06
<\ERROR_INFO>
<ERROR_INFO>
errID:8
errStr:Undefined variable: tableName
errFile:IWEB_PATH/web\model\model_class.php
errLine:51
errTime:15-07-22 10:45:06
<\ERROR_INFO>
<ERROR_INFO>
errID:2
errStr:Missing argument 1 for IModel::__construct(), called in D:\wamp\www\iwebshop\controllers\site.php on line 33 and defined
errFile:IWEB_PATH/web\model\model_class.php
errLine:30
errTime:15-07-22 11:11:58
<\ERROR_INFO>
<ERROR_INFO>
errID:8
errStr:Undefined variable: tableName
errFile:IWEB_PATH/web\model\model_class.php
errLine:36
errTime:15-07-22 11:11:58
<\ERROR_INFO>
<ERROR_INFO>
errID:8
errStr:Undefined variable: tableName
errFile:IWEB_PATH/web\model\model_class.php
errLine:51
errTime:15-07-22 11:11:58
<\ERROR_INFO>
<ERROR_INFO>
errID:8
errStr:Array to string conversion
errFile:D:\wamp\www\iwebshop\runtime\index\simple\cart2.php
errLine:402
errTime:15-07-22 11:53:40
<\ERROR_INFO>
<ERROR_INFO>
errID:8
errStr:Array to string conversion
errFile:D:\wamp\www\iwebshop\runtime\index\simple\cart2.php
errLine:402
errTime:15-07-22 11:53:40
<\ERROR_INFO>
<ERROR_INFO>
errID:8
errStr:Array to string conversion
errFile:D:\wamp\www\iwebshop\runtime\index\simple\cart2.php
errLine:402
errTime:15-07-22 11:53:40
<\ERROR_INFO>
<ERROR_INFO>
errID:8
errStr:Array to string conversion
errFile:D:\wamp\www\iwebshop\runtime\index\simple\cart2.php
errLine:401
errTime:15-07-22 11:54:04
<\ERROR_INFO>
<ERROR_INFO>
errID:2
errStr:Missing argument 1 for IModel::__construct(), called in D:\wamp\www\iwebshop\controllers\site.php on line 33 and defined
errFile:IWEB_PATH/web\model\model_class.php
errLine:30
errTime:15-07-22 12:45:27
<\ERROR_INFO>
<ERROR_INFO>
errID:8
errStr:Undefined variable: tableName
errFile:IWEB_PATH/web\model\model_class.php
errLine:36
errTime:15-07-22 12:45:27
<\ERROR_INFO>
<ERROR_INFO>
errID:8
errStr:Undefined variable: tableName
errFile:IWEB_PATH/web\model\model_class.php
errLine:51
errTime:15-07-22 12:45:27
<\ERROR_INFO>
<ERROR_INFO>
errID:2
errStr:Missing argument 1 for IModel::__construct(), called in D:\wamp\www\iwebshop\controllers\site.php on line 33 and defined
errFile:IWEB_PATH/web\model\model_class.php
errLine:30
errTime:15-07-22 12:46:39
<\ERROR_INFO>
<ERROR_INFO>
errID:8
errStr:Undefined variable: tableName
errFile:IWEB_PATH/web\model\model_class.php
errLine:36
errTime:15-07-22 12:46:39
<\ERROR_INFO>
<ERROR_INFO>
errID:8
errStr:Undefined variable: tableName
errFile:IWEB_PATH/web\model\model_class.php
errLine:51
errTime:15-07-22 12:46:39
<\ERROR_INFO>
<ERROR_INFO>
errID:2
errStr:Missing argument 1 for IModel::__construct(), called in D:\wamp\www\iwebshop\controllers\site.php on line 33 and defined
errFile:IWEB_PATH/web\model\model_class.php
errLine:30
errTime:15-07-22 12:47:11
<\ERROR_INFO>
<ERROR_INFO>
errID:8
errStr:Undefined variable: tableName
errFile:IWEB_PATH/web\model\model_class.php
errLine:36
errTime:15-07-22 12:47:11
<\ERROR_INFO>
<ERROR_INFO>
errID:8
errStr:Undefined variable: tableName
errFile:IWEB_PATH/web\model\model_class.php
errLine:51
errTime:15-07-22 12:47:11
<\ERROR_INFO>
<ERROR_INFO>
errID:2
errStr:Missing argument 1 for IModel::__construct(), called in D:\wamp\www\iwebshop\controllers\site.php on line 33 and defined
errFile:IWEB_PATH/web\model\model_class.php
errLine:30
errTime:15-07-22 13:15:10
<\ERROR_INFO>
<ERROR_INFO>
errID:8
errStr:Undefined variable: tableName
errFile:IWEB_PATH/web\model\model_class.php
errLine:36
errTime:15-07-22 13:15:10
<\ERROR_INFO>
<ERROR_INFO>
errID:8
errStr:Undefined variable: tableName
errFile:IWEB_PATH/web\model\model_class.php
errLine:51
errTime:15-07-22 13:15:10
<\ERROR_INFO>
<ERROR_INFO>
errID:2
errStr:Missing argument 1 for IModel::__construct(), called in D:\wamp\www\iwebshop\controllers\site.php on line 33 and defined
errFile:IWEB_PATH/web\model\model_class.php
errLine:30
errTime:15-07-22 13:17:33
<\ERROR_INFO>
<ERROR_INFO>
errID:8
errStr:Undefined variable: tableName
errFile:IWEB_PATH/web\model\model_class.php
errLine:36
errTime:15-07-22 13:17:33
<\ERROR_INFO>
<ERROR_INFO>
errID:8
errStr:Undefined variable: tableName
errFile:IWEB_PATH/web\model\model_class.php
errLine:51
errTime:15-07-22 13:17:33
<\ERROR_INFO>
<ERROR_INFO>
errID:2
errStr:Missing argument 1 for IModel::__construct(), called in D:\wamp\www\iwebshop\controllers\site.php on line 33 and defined
errFile:IWEB_PATH/web\model\model_class.php
errLine:30
errTime:15-07-22 13:58:28
<\ERROR_INFO>
<ERROR_INFO>
errID:8
errStr:Undefined variable: tableName
errFile:IWEB_PATH/web\model\model_class.php
errLine:36
errTime:15-07-22 13:58:28
<\ERROR_INFO>
<ERROR_INFO>
errID:8
errStr:Undefined variable: tableName
errFile:IWEB_PATH/web\model\model_class.php
errLine:51
errTime:15-07-22 13:58:28
<\ERROR_INFO>
<ERROR_INFO>
errID:2
errStr:Missing argument 1 for IModel::__construct(), called in D:\wamp\www\iwebshop\controllers\site.php on line 33 and defined
errFile:IWEB_PATH/web\model\model_class.php
errLine:30
errTime:15-07-22 14:47:03
<\ERROR_INFO>
<ERROR_INFO>
errID:8
errStr:Undefined variable: tableName
errFile:IWEB_PATH/web\model\model_class.php
errLine:36
errTime:15-07-22 14:47:03
<\ERROR_INFO>
<ERROR_INFO>
errID:8
errStr:Undefined variable: tableName
errFile:IWEB_PATH/web\model\model_class.php
errLine:51
errTime:15-07-22 14:47:03
<\ERROR_INFO>
<ERROR_INFO>
errID:2
errStr:Missing argument 1 for IModel::__construct(), called in D:\wamp\www\iwebshop\controllers\site.php on line 33 and defined
errFile:IWEB_PATH/web\model\model_class.php
errLine:30
errTime:15-07-22 14:51:55
<\ERROR_INFO>
<ERROR_INFO>
errID:8
errStr:Undefined variable: tableName
errFile:IWEB_PATH/web\model\model_class.php
errLine:36
errTime:15-07-22 14:51:55
<\ERROR_INFO>
<ERROR_INFO>
errID:8
errStr:Undefined variable: tableName
errFile:IWEB_PATH/web\model\model_class.php
errLine:51
errTime:15-07-22 14:51:55
<\ERROR_INFO>
<ERROR_INFO>
errID:2
errStr:Invalid argument supplied for foreach()
errFile:D:\wamp\www\iwebshop\runtime\index\site\index.php
errLine:322
errTime:15-07-22 14:51:56
<\ERROR_INFO>
<ERROR_INFO>
errID:2
errStr:Invalid argument supplied for foreach()
errFile:D:\wamp\www\iwebshop\runtime\index\site\index.php
errLine:322
errTime:15-07-22 14:51:56
<\ERROR_INFO>
<ERROR_INFO>
errID:2
errStr:Invalid argument supplied for foreach()
errFile:D:\wamp\www\iwebshop\runtime\index\site\index.php
errLine:322
errTime:15-07-22 14:51:56
<\ERROR_INFO>
<ERROR_INFO>
errID:2
errStr:Invalid argument supplied for foreach()
errFile:D:\wamp\www\iwebshop\runtime\index\site\index.php
errLine:322
errTime:15-07-22 14:51:56
<\ERROR_INFO>
<ERROR_INFO>
errID:2
errStr:Invalid argument supplied for foreach()
errFile:D:\wamp\www\iwebshop\runtime\index\site\index.php
errLine:322
errTime:15-07-22 14:51:56
<\ERROR_INFO>
<ERROR_INFO>
errID:2
errStr:Missing argument 1 for IModel::__construct(), called in D:\wamp\www\iwebshop\controllers\site.php on line 33 and defined
errFile:IWEB_PATH/web\model\model_class.php
errLine:30
errTime:15-07-22 14:54:00
<\ERROR_INFO>
<ERROR_INFO>
errID:8
errStr:Undefined variable: tableName
errFile:IWEB_PATH/web\model\model_class.php
errLine:36
errTime:15-07-22 14:54:00
<\ERROR_INFO>
<ERROR_INFO>
errID:8
errStr:Undefined variable: tableName
errFile:IWEB_PATH/web\model\model_class.php
errLine:51
errTime:15-07-22 14:54:00
<\ERROR_INFO>
<ERROR_INFO>
errID:2
errStr:Invalid argument supplied for foreach()
errFile:D:\wamp\www\iwebshop\runtime\index\site\index.php
errLine:322
errTime:15-07-22 14:54:00
<\ERROR_INFO>
<ERROR_INFO>
errID:2
errStr:Invalid argument supplied for foreach()
errFile:D:\wamp\www\iwebshop\runtime\index\site\index.php
errLine:322
errTime:15-07-22 14:54:00
<\ERROR_INFO>
<ERROR_INFO>
errID:2
errStr:Invalid argument supplied for foreach()
errFile:D:\wamp\www\iwebshop\runtime\index\site\index.php
errLine:322
errTime:15-07-22 14:54:00
<\ERROR_INFO>
<ERROR_INFO>
errID:2
errStr:Invalid argument supplied for foreach()
errFile:D:\wamp\www\iwebshop\runtime\index\site\index.php
errLine:322
errTime:15-07-22 14:54:00
<\ERROR_INFO>
<ERROR_INFO>
errID:2
errStr:Invalid argument supplied for foreach()
errFile:D:\wamp\www\iwebshop\runtime\index\site\index.php
errLine:322
errTime:15-07-22 14:54:00
<\ERROR_INFO>
<ERROR_INFO>
errID:2
errStr:Missing argument 1 for IModel::__construct(), called in D:\wamp\www\iwebshop\controllers\site.php on line 33 and defined
errFile:IWEB_PATH/web\model\model_class.php
errLine:30
errTime:15-07-22 14:56:09
<\ERROR_INFO>
<ERROR_INFO>
errID:8
errStr:Undefined variable: tableName
errFile:IWEB_PATH/web\model\model_class.php
errLine:36
errTime:15-07-22 14:56:09
<\ERROR_INFO>
<ERROR_INFO>
errID:8
errStr:Undefined variable: tableName
errFile:IWEB_PATH/web\model\model_class.php
errLine:51
errTime:15-07-22 14:56:09
<\ERROR_INFO>
<ERROR_INFO>
Mess: SELECT * FROM shop_taleself WHERE id=1 limit 1
 -- Table 'iweb.shop_taleself' doesn't exist
Line: 68
File: IWEB_PATH/db\db_class.php
##Debug_backtrace:##
	Func:query          	Class:IDB            	Type:->   	Line:186  	File:IWEB_PATH/web\model\model_class.php
	Func:query          	Class:IModel         	Type:->   	Line:134  	File:IWEB_PATH/web\model\model_class.php
	Func:getObj         	Class:IModel         	Type:->   	Line:573  	File:D:\wamp\www\iwebshop\controllers\block.php
	Func:getOneTakeself 	Class:Block          	Type:->   	Line:24   	File:IWEB_PATH/web\action\inline_action.php
	Func:run            	Class:IInlineAction  	Type:->   	Line:137  	File:IWEB_PATH/web\controller\controller_class.php
	Func:run            	Class:IController    	Type:->   	Line:29   	File:IWEB_PATH/core\webapplication_class.php
	Func:execRequest    	Class:IWebApplication	Type:->   	Line:108  	File:IWEB_PATH/core\application_class.php
	Func:run            	Class:IApplication   	Type:->   	Line:5    	File:D:\wamp\www\iwebshop\index.php
</ERROR_INFO>
<ERROR_INFO>
errID:2
errStr:Missing argument 1 for IModel::__construct(), called in D:\wamp\www\iwebshop\controllers\site.php on line 33 and defined
errFile:IWEB_PATH/web\model\model_class.php
errLine:30
errTime:15-07-22 16:12:03
<\ERROR_INFO>
<ERROR_INFO>
errID:8
errStr:Undefined variable: tableName
errFile:IWEB_PATH/web\model\model_class.php
errLine:36
errTime:15-07-22 16:12:03
<\ERROR_INFO>
<ERROR_INFO>
errID:8
errStr:Undefined variable: tableName
errFile:IWEB_PATH/web\model\model_class.php
errLine:51
errTime:15-07-22 16:12:03
<\ERROR_INFO>
<ERROR_INFO>
errID:2
errStr:Missing argument 1 for IModel::__construct(), called in D:\wamp\www\iwebshop\controllers\site.php on line 33 and defined
errFile:IWEB_PATH/web\model\model_class.php
errLine:30
errTime:15-07-22 16:57:55
<\ERROR_INFO>
<ERROR_INFO>
errID:8
errStr:Undefined variable: tableName
errFile:IWEB_PATH/web\model\model_class.php
errLine:36
errTime:15-07-22 16:57:55
<\ERROR_INFO>
<ERROR_INFO>
errID:8
errStr:Undefined variable: tableName
errFile:IWEB_PATH/web\model\model_class.php
errLine:51
errTime:15-07-22 16:57:55
<\ERROR_INFO>
<ERROR_INFO>
errID:2
errStr:Missing argument 1 for IModel::__construct(), called in D:\wamp\www\iwebshop\controllers\site.php on line 33 and defined
errFile:IWEB_PATH/web\model\model_class.php
errLine:30
errTime:15-07-22 17:01:25
<\ERROR_INFO>
<ERROR_INFO>
errID:8
errStr:Undefined variable: tableName
errFile:IWEB_PATH/web\model\model_class.php
errLine:36
errTime:15-07-22 17:01:25
<\ERROR_INFO>
<ERROR_INFO>
errID:8
errStr:Undefined variable: tableName
errFile:IWEB_PATH/web\model\model_class.php
errLine:51
errTime:15-07-22 17:01:25
<\ERROR_INFO>
<ERROR_INFO>
errID:2
errStr:Missing argument 1 for IModel::__construct(), called in D:\wamp\www\iwebshop\controllers\site.php on line 33 and defined
errFile:IWEB_PATH/web\model\model_class.php
errLine:30
errTime:15-07-22 17:01:37
<\ERROR_INFO>
<ERROR_INFO>
errID:8
errStr:Undefined variable: tableName
errFile:IWEB_PATH/web\model\model_class.php
errLine:36
errTime:15-07-22 17:01:37
<\ERROR_INFO>
<ERROR_INFO>
errID:8
errStr:Undefined variable: tableName
errFile:IWEB_PATH/web\model\model_class.php
errLine:51
errTime:15-07-22 17:01:37
<\ERROR_INFO>
