<ERROR_INFO>
errID:2
errStr:Missing argument 1 for IModel::__construct(), called in D:\wamp\www\iwebshop\controllers\site.php on line 33 and defined
errFile:IWEB_PATH/web\model\model_class.php
errLine:30
errTime:15-07-21 13:26:31
<\ERROR_INFO>
<ERROR_INFO>
errID:8
errStr:Undefined variable: tableName
errFile:IWEB_PATH/web\model\model_class.php
errLine:36
errTime:15-07-21 13:26:31
<\ERROR_INFO>
<ERROR_INFO>
errID:8
errStr:Undefined variable: tableName
errFile:IWEB_PATH/web\model\model_class.php
errLine:51
errTime:15-07-21 13:26:31
<\ERROR_INFO>
<ERROR_INFO>
errID:2
errStr:Missing argument 1 for IModel::__construct(), called in D:\wamp\www\iwebshop\controllers\site.php on line 33 and defined
errFile:IWEB_PATH/web\model\model_class.php
errLine:30
errTime:15-07-21 13:28:04
<\ERROR_INFO>
<ERROR_INFO>
errID:8
errStr:Undefined variable: tableName
errFile:IWEB_PATH/web\model\model_class.php
errLine:36
errTime:15-07-21 13:28:04
<\ERROR_INFO>
<ERROR_INFO>
errID:8
errStr:Undefined variable: tableName
errFile:IWEB_PATH/web\model\model_class.php
errLine:51
errTime:15-07-21 13:28:04
<\ERROR_INFO>
<ERROR_INFO>
errID:2
errStr:Missing argument 1 for IModel::__construct(), called in D:\wamp\www\iwebshop\controllers\site.php on line 33 and defined
errFile:IWEB_PATH/web\model\model_class.php
errLine:30
errTime:15-07-21 13:28:11
<\ERROR_INFO>
<ERROR_INFO>
errID:8
errStr:Undefined variable: tableName
errFile:IWEB_PATH/web\model\model_class.php
errLine:36
errTime:15-07-21 13:28:11
<\ERROR_INFO>
<ERROR_INFO>
errID:8
errStr:Undefined variable: tableName
errFile:IWEB_PATH/web\model\model_class.php
errLine:51
errTime:15-07-21 13:28:11
<\ERROR_INFO>
<ERROR_INFO>
Mess: SELECT * FROM shop_goods_attribute WHERE goods_id in () limit 50000
 -- You have an error in your SQL syntax; check the manual that corresponds to your MySQL server version for the right syntax to use near ') limit 50000' at line 1
Line: 68
File: IWEB_PATH/db\db_class.php
##Debug_backtrace:##
	Func:query          	Class:IDB            	Type:->   	Line:186  	File:IWEB_PATH/web\model\model_class.php
	Func:query          	Class:IModel         	Type:->   	Line:379  	File:D:\wamp\www\iwebshop\classes\search_goods.php
	Func:find           	Class:search_goods   	Type:::   	Line:126  	File:D:\wamp\www\iwebshop\runtime\index\site\pro_list.php
	Func:require        	Class:               	Type:     	Line:116  	File:IWEB_PATH/web\controller\controllerbase_class.php
	Func:requireFile    	Class:IControllerBase	Type:->   	Line:82   	File:IWEB_PATH/web\controller\controllerbase_class.php
	Func:renderView     	Class:IControllerBase	Type:->   	Line:201  	File:IWEB_PATH/web\controller\controller_class.php
	Func:render         	Class:IController    	Type:->   	Line:36   	File:IWEB_PATH/web\action\view_action.php
	Func:run            	Class:IViewAction    	Type:->   	Line:370  	File:IWEB_PATH/web\controller\controller_class.php
	Func:redirect       	Class:IController    	Type:->   	Line:193  	File:D:\wamp\www\iwebshop\controllers\site.php
	Func:pro_list       	Class:Site           	Type:->   	Line:24   	File:IWEB_PATH/web\action\inline_action.php
	Func:run            	Class:IInlineAction  	Type:->   	Line:137  	File:IWEB_PATH/web\controller\controller_class.php
	Func:run            	Class:IController    	Type:->   	Line:29   	File:IWEB_PATH/core\webapplication_class.php
	Func:execRequest    	Class:IWebApplication	Type:->   	Line:108  	File:IWEB_PATH/core\application_class.php
	Func:run            	Class:IApplication   	Type:->   	Line:5    	File:D:\wamp\www\iwebshop\index.php
</ERROR_INFO>
<ERROR_INFO>
errID:2
errStr:Missing argument 1 for IModel::__construct(), called in D:\wamp\www\iwebshop\controllers\site.php on line 33 and defined
errFile:IWEB_PATH/web\model\model_class.php
errLine:30
errTime:15-07-21 13:31:55
<\ERROR_INFO>
<ERROR_INFO>
errID:8
errStr:Undefined variable: tableName
errFile:IWEB_PATH/web\model\model_class.php
errLine:36
errTime:15-07-21 13:31:55
<\ERROR_INFO>
<ERROR_INFO>
errID:8
errStr:Undefined variable: tableName
errFile:IWEB_PATH/web\model\model_class.php
errLine:51
errTime:15-07-21 13:31:55
<\ERROR_INFO>
<ERROR_INFO>
errID:2
errStr:Missing argument 1 for IModel::__construct(), called in D:\wamp\www\iwebshop\controllers\site.php on line 33 and defined
errFile:IWEB_PATH/web\model\model_class.php
errLine:30
errTime:15-07-21 13:35:34
<\ERROR_INFO>
<ERROR_INFO>
errID:8
errStr:Undefined variable: tableName
errFile:IWEB_PATH/web\model\model_class.php
errLine:36
errTime:15-07-21 13:35:34
<\ERROR_INFO>
<ERROR_INFO>
errID:8
errStr:Undefined variable: tableName
errFile:IWEB_PATH/web\model\model_class.php
errLine:51
errTime:15-07-21 13:35:34
<\ERROR_INFO>
<ERROR_INFO>
errID:2
errStr:Missing argument 1 for IModel::__construct(), called in D:\wamp\www\iwebshop\controllers\site.php on line 33 and defined
errFile:IWEB_PATH/web\model\model_class.php
errLine:30
errTime:15-07-21 13:35:37
<\ERROR_INFO>
<ERROR_INFO>
errID:8
errStr:Undefined variable: tableName
errFile:IWEB_PATH/web\model\model_class.php
errLine:36
errTime:15-07-21 13:35:37
<\ERROR_INFO>
<ERROR_INFO>
errID:8
errStr:Undefined variable: tableName
errFile:IWEB_PATH/web\model\model_class.php
errLine:51
errTime:15-07-21 13:35:37
<\ERROR_INFO>
<ERROR_INFO>
errID:2
errStr:Missing argument 1 for IModel::__construct(), called in D:\wamp\www\iwebshop\controllers\site.php on line 33 and defined
errFile:IWEB_PATH/web\model\model_class.php
errLine:30
errTime:15-07-21 13:35:38
<\ERROR_INFO>
<ERROR_INFO>
errID:8
errStr:Undefined variable: tableName
errFile:IWEB_PATH/web\model\model_class.php
errLine:36
errTime:15-07-21 13:35:38
<\ERROR_INFO>
<ERROR_INFO>
errID:8
errStr:Undefined variable: tableName
errFile:IWEB_PATH/web\model\model_class.php
errLine:51
errTime:15-07-21 13:35:38
<\ERROR_INFO>
<ERROR_INFO>
errID:2
errStr:Missing argument 1 for IModel::__construct(), called in D:\wamp\www\iwebshop\controllers\site.php on line 33 and defined
errFile:IWEB_PATH/web\model\model_class.php
errLine:30
errTime:15-07-21 13:40:08
<\ERROR_INFO>
<ERROR_INFO>
errID:8
errStr:Undefined variable: tableName
errFile:IWEB_PATH/web\model\model_class.php
errLine:36
errTime:15-07-21 13:40:08
<\ERROR_INFO>
<ERROR_INFO>
errID:8
errStr:Undefined variable: tableName
errFile:IWEB_PATH/web\model\model_class.php
errLine:51
errTime:15-07-21 13:40:08
<\ERROR_INFO>
<ERROR_INFO>
errID:2
errStr:Missing argument 1 for IModel::__construct(), called in D:\wamp\www\iwebshop\controllers\site.php on line 33 and defined
errFile:IWEB_PATH/web\model\model_class.php
errLine:30
errTime:15-07-21 13:42:29
<\ERROR_INFO>
<ERROR_INFO>
errID:8
errStr:Undefined variable: tableName
errFile:IWEB_PATH/web\model\model_class.php
errLine:36
errTime:15-07-21 13:42:29
<\ERROR_INFO>
<ERROR_INFO>
errID:8
errStr:Undefined variable: tableName
errFile:IWEB_PATH/web\model\model_class.php
errLine:51
errTime:15-07-21 13:42:29
<\ERROR_INFO>
<ERROR_INFO>
errID:2
errStr:Missing argument 1 for IModel::__construct(), called in D:\wamp\www\iwebshop\controllers\site.php on line 33 and defined
errFile:IWEB_PATH/web\model\model_class.php
errLine:30
errTime:15-07-21 13:42:37
<\ERROR_INFO>
<ERROR_INFO>
errID:8
errStr:Undefined variable: tableName
errFile:IWEB_PATH/web\model\model_class.php
errLine:36
errTime:15-07-21 13:42:37
<\ERROR_INFO>
<ERROR_INFO>
errID:8
errStr:Undefined variable: tableName
errFile:IWEB_PATH/web\model\model_class.php
errLine:51
errTime:15-07-21 13:42:37
<\ERROR_INFO>
<ERROR_INFO>
errID:2
errStr:Missing argument 1 for IModel::__construct(), called in D:\wamp\www\iwebshop\controllers\site.php on line 33 and defined
errFile:IWEB_PATH/web\model\model_class.php
errLine:30
errTime:15-07-21 13:58:39
<\ERROR_INFO>
<ERROR_INFO>
errID:8
errStr:Undefined variable: tableName
errFile:IWEB_PATH/web\model\model_class.php
errLine:36
errTime:15-07-21 13:58:39
<\ERROR_INFO>
<ERROR_INFO>
errID:8
errStr:Undefined variable: tableName
errFile:IWEB_PATH/web\model\model_class.php
errLine:51
errTime:15-07-21 13:58:39
<\ERROR_INFO>
<ERROR_INFO>
errID:2
errStr:Missing argument 1 for IModel::__construct(), called in D:\wamp\www\iwebshop\controllers\site.php on line 33 and defined
errFile:IWEB_PATH/web\model\model_class.php
errLine:30
errTime:15-07-21 13:58:59
<\ERROR_INFO>
<ERROR_INFO>
errID:8
errStr:Undefined variable: tableName
errFile:IWEB_PATH/web\model\model_class.php
errLine:36
errTime:15-07-21 13:58:59
<\ERROR_INFO>
<ERROR_INFO>
errID:8
errStr:Undefined variable: tableName
errFile:IWEB_PATH/web\model\model_class.php
errLine:51
errTime:15-07-21 13:58:59
<\ERROR_INFO>
<ERROR_INFO>
errID:2
errStr:Missing argument 1 for IModel::__construct(), called in D:\wamp\www\iwebshop\controllers\site.php on line 33 and defined
errFile:IWEB_PATH/web\model\model_class.php
errLine:30
errTime:15-07-21 14:05:09
<\ERROR_INFO>
<ERROR_INFO>
errID:8
errStr:Undefined variable: tableName
errFile:IWEB_PATH/web\model\model_class.php
errLine:36
errTime:15-07-21 14:05:09
<\ERROR_INFO>
<ERROR_INFO>
errID:8
errStr:Undefined variable: tableName
errFile:IWEB_PATH/web\model\model_class.php
errLine:51
errTime:15-07-21 14:05:09
<\ERROR_INFO>
<ERROR_INFO>
Mess: SELECT * FROM shop_goods_attribute WHERE goods_id in () limit 50000
 -- You have an error in your SQL syntax; check the manual that corresponds to your MySQL server version for the right syntax to use near ') limit 50000' at line 1
Line: 68
File: IWEB_PATH/db\db_class.php
##Debug_backtrace:##
	Func:query          	Class:IDB            	Type:->   	Line:186  	File:IWEB_PATH/web\model\model_class.php
	Func:query          	Class:IModel         	Type:->   	Line:379  	File:D:\wamp\www\iwebshop\classes\search_goods.php
	Func:find           	Class:search_goods   	Type:::   	Line:126  	File:D:\wamp\www\iwebshop\runtime\index\site\pro_list.php
	Func:require        	Class:               	Type:     	Line:116  	File:IWEB_PATH/web\controller\controllerbase_class.php
	Func:requireFile    	Class:IControllerBase	Type:->   	Line:82   	File:IWEB_PATH/web\controller\controllerbase_class.php
	Func:renderView     	Class:IControllerBase	Type:->   	Line:201  	File:IWEB_PATH/web\controller\controller_class.php
	Func:render         	Class:IController    	Type:->   	Line:36   	File:IWEB_PATH/web\action\view_action.php
	Func:run            	Class:IViewAction    	Type:->   	Line:370  	File:IWEB_PATH/web\controller\controller_class.php
	Func:redirect       	Class:IController    	Type:->   	Line:193  	File:D:\wamp\www\iwebshop\controllers\site.php
	Func:pro_list       	Class:Site           	Type:->   	Line:24   	File:IWEB_PATH/web\action\inline_action.php
	Func:run            	Class:IInlineAction  	Type:->   	Line:137  	File:IWEB_PATH/web\controller\controller_class.php
	Func:run            	Class:IController    	Type:->   	Line:29   	File:IWEB_PATH/core\webapplication_class.php
	Func:execRequest    	Class:IWebApplication	Type:->   	Line:108  	File:IWEB_PATH/core\application_class.php
	Func:run            	Class:IApplication   	Type:->   	Line:5    	File:D:\wamp\www\iwebshop\index.php
</ERROR_INFO>
<ERROR_INFO>
errID:2
errStr:Missing argument 1 for IModel::__construct(), called in D:\wamp\www\iwebshop\controllers\site.php on line 33 and defined
errFile:IWEB_PATH/web\model\model_class.php
errLine:30
errTime:15-07-21 14:12:07
<\ERROR_INFO>
<ERROR_INFO>
errID:8
errStr:Undefined variable: tableName
errFile:IWEB_PATH/web\model\model_class.php
errLine:36
errTime:15-07-21 14:12:07
<\ERROR_INFO>
<ERROR_INFO>
errID:8
errStr:Undefined variable: tableName
errFile:IWEB_PATH/web\model\model_class.php
errLine:51
errTime:15-07-21 14:12:07
<\ERROR_INFO>
<ERROR_INFO>
errID:2
errStr:Missing argument 1 for IModel::__construct(), called in D:\wamp\www\iwebshop\controllers\site.php on line 33 and defined
errFile:IWEB_PATH/web\model\model_class.php
errLine:30
errTime:15-07-21 14:12:11
<\ERROR_INFO>
<ERROR_INFO>
errID:8
errStr:Undefined variable: tableName
errFile:IWEB_PATH/web\model\model_class.php
errLine:36
errTime:15-07-21 14:12:11
<\ERROR_INFO>
<ERROR_INFO>
errID:8
errStr:Undefined variable: tableName
errFile:IWEB_PATH/web\model\model_class.php
errLine:51
errTime:15-07-21 14:12:11
<\ERROR_INFO>
<ERROR_INFO>
errID:2
errStr:Missing argument 1 for IModel::__construct(), called in D:\wamp\www\iwebshop\controllers\site.php on line 33 and defined
errFile:IWEB_PATH/web\model\model_class.php
errLine:30
errTime:15-07-21 14:30:26
<\ERROR_INFO>
<ERROR_INFO>
errID:8
errStr:Undefined variable: tableName
errFile:IWEB_PATH/web\model\model_class.php
errLine:36
errTime:15-07-21 14:30:26
<\ERROR_INFO>
<ERROR_INFO>
errID:8
errStr:Undefined variable: tableName
errFile:IWEB_PATH/web\model\model_class.php
errLine:51
errTime:15-07-21 14:30:26
<\ERROR_INFO>
<ERROR_INFO>
errID:2
errStr:Missing argument 1 for IModel::__construct(), called in D:\wamp\www\iwebshop\controllers\site.php on line 33 and defined
errFile:IWEB_PATH/web\model\model_class.php
errLine:30
errTime:15-07-21 14:43:34
<\ERROR_INFO>
<ERROR_INFO>
errID:8
errStr:Undefined variable: tableName
errFile:IWEB_PATH/web\model\model_class.php
errLine:36
errTime:15-07-21 14:43:34
<\ERROR_INFO>
<ERROR_INFO>
errID:8
errStr:Undefined variable: tableName
errFile:IWEB_PATH/web\model\model_class.php
errLine:51
errTime:15-07-21 14:43:34
<\ERROR_INFO>
<ERROR_INFO>
errID:2
errStr:Missing argument 1 for IModel::__construct(), called in D:\wamp\www\iwebshop\controllers\site.php on line 33 and defined
errFile:IWEB_PATH/web\model\model_class.php
errLine:30
errTime:15-07-21 14:55:10
<\ERROR_INFO>
<ERROR_INFO>
errID:8
errStr:Undefined variable: tableName
errFile:IWEB_PATH/web\model\model_class.php
errLine:36
errTime:15-07-21 14:55:10
<\ERROR_INFO>
<ERROR_INFO>
errID:8
errStr:Undefined variable: tableName
errFile:IWEB_PATH/web\model\model_class.php
errLine:51
errTime:15-07-21 14:55:10
<\ERROR_INFO>
<ERROR_INFO>
errID:2
errStr:Missing argument 1 for IModel::__construct(), called in D:\wamp\www\iwebshop\controllers\site.php on line 33 and defined
errFile:IWEB_PATH/web\model\model_class.php
errLine:30
errTime:15-07-21 16:40:43
<\ERROR_INFO>
<ERROR_INFO>
errID:8
errStr:Undefined variable: tableName
errFile:IWEB_PATH/web\model\model_class.php
errLine:36
errTime:15-07-21 16:40:43
<\ERROR_INFO>
<ERROR_INFO>
errID:8
errStr:Undefined variable: tableName
errFile:IWEB_PATH/web\model\model_class.php
errLine:51
errTime:15-07-21 16:40:43
<\ERROR_INFO>
<ERROR_INFO>
errID:2
errStr:Missing argument 1 for IModel::__construct(), called in D:\wamp\www\iwebshop\controllers\site.php on line 33 and defined
errFile:IWEB_PATH/web\model\model_class.php
errLine:30
errTime:15-07-21 16:51:15
<\ERROR_INFO>
<ERROR_INFO>
errID:8
errStr:Undefined variable: tableName
errFile:IWEB_PATH/web\model\model_class.php
errLine:36
errTime:15-07-21 16:51:15
<\ERROR_INFO>
<ERROR_INFO>
errID:8
errStr:Undefined variable: tableName
errFile:IWEB_PATH/web\model\model_class.php
errLine:51
errTime:15-07-21 16:51:15
<\ERROR_INFO>
<ERROR_INFO>
errID:2
errStr:Missing argument 1 for IModel::__construct(), called in D:\wamp\www\iwebshop\controllers\site.php on line 33 and defined
errFile:IWEB_PATH/web\model\model_class.php
errLine:30
errTime:15-07-21 16:51:22
<\ERROR_INFO>
<ERROR_INFO>
errID:8
errStr:Undefined variable: tableName
errFile:IWEB_PATH/web\model\model_class.php
errLine:36
errTime:15-07-21 16:51:22
<\ERROR_INFO>
<ERROR_INFO>
errID:8
errStr:Undefined variable: tableName
errFile:IWEB_PATH/web\model\model_class.php
errLine:51
errTime:15-07-21 16:51:22
<\ERROR_INFO>
<ERROR_INFO>
errID:2
errStr:Missing argument 1 for IModel::__construct(), called in D:\wamp\www\iwebshop\controllers\site.php on line 33 and defined
errFile:IWEB_PATH/web\model\model_class.php
errLine:30
errTime:15-07-21 16:58:42
<\ERROR_INFO>
<ERROR_INFO>
errID:8
errStr:Undefined variable: tableName
errFile:IWEB_PATH/web\model\model_class.php
errLine:36
errTime:15-07-21 16:58:42
<\ERROR_INFO>
<ERROR_INFO>
errID:8
errStr:Undefined variable: tableName
errFile:IWEB_PATH/web\model\model_class.php
errLine:51
errTime:15-07-21 16:58:42
<\ERROR_INFO>
