<ERROR_INFO>
errID:8
errStr:Undefined variable: siteConfig
errFile:E:\wamp\wamp\www\iweb2\runtime\scsg\site\products.php
errLine:582
errTime:16-04-29 15:21:37
<\ERROR_INFO>
<ERROR_INFO>
errID:8
errStr:Undefined variable: siteConfig
errFile:E:\wamp\wamp\www\iweb2\runtime\scsg\site\products.php
errLine:582
errTime:16-04-29 15:22:02
<\ERROR_INFO>
<ERROR_INFO>
errID:8
errStr:Undefined variable: siteConfig
errFile:E:\wamp\wamp\www\iweb2\runtime\scsg\site\products.php
errLine:582
errTime:16-04-29 15:22:17
<\ERROR_INFO>
